[1.289s] Invoking command in '/home/rosdev/ros2_ws/src/py_launch': PYTHONPATH=/home/rosdev/ros2_ws/src/build/py_launch/prefix_override:/usr/lib/python3/dist-packages/colcon_core/task/python/colcon_distutils_commands:/home/rosdev/ros2_ws/src/install/py_launch/lib/python3.10/site-packages:${PYTHONPATH} /usr/bin/python3 -W ignore:setup.py install is deprecated -W ignore:easy_install command is deprecated setup.py egg_info --egg-base ../build/py_launch build --build-base /home/rosdev/ros2_ws/src/build/py_launch/build install --record /home/rosdev/ros2_ws/src/build/py_launch/install.log --single-version-externally-managed install_data
[1.735s] running egg_info
[1.736s] creating ../build/py_launch/py_launch.egg-info
[1.736s] writing ../build/py_launch/py_launch.egg-info/PKG-INFO
[1.736s] writing dependency_links to ../build/py_launch/py_launch.egg-info/dependency_links.txt
[1.737s] writing entry points to ../build/py_launch/py_launch.egg-info/entry_points.txt
[1.737s] writing requirements to ../build/py_launch/py_launch.egg-info/requires.txt
[1.737s] writing top-level names to ../build/py_launch/py_launch.egg-info/top_level.txt
[1.737s] writing manifest file '../build/py_launch/py_launch.egg-info/SOURCES.txt'
[1.740s] reading manifest file '../build/py_launch/py_launch.egg-info/SOURCES.txt'
[1.741s] adding license file 'LICENSE'
[1.741s] writing manifest file '../build/py_launch/py_launch.egg-info/SOURCES.txt'
[1.742s] running build
[1.742s] running build_py
[1.742s] creating /home/rosdev/ros2_ws/src/build/py_launch/build
[1.742s] creating /home/rosdev/ros2_ws/src/build/py_launch/build/lib
[1.742s] creating /home/rosdev/ros2_ws/src/build/py_launch/build/lib/py_launch
[1.743s] copying py_launch/__init__.py -> /home/rosdev/ros2_ws/src/build/py_launch/build/lib/py_launch
[1.743s] running install
[1.743s] running install_lib
[1.744s] creating /home/rosdev/ros2_ws/src/install/py_launch/lib/python3.10/site-packages/py_launch
[1.745s] copying /home/rosdev/ros2_ws/src/build/py_launch/build/lib/py_launch/__init__.py -> /home/rosdev/ros2_ws/src/install/py_launch/lib/python3.10/site-packages/py_launch
[1.746s] byte-compiling /home/rosdev/ros2_ws/src/install/py_launch/lib/python3.10/site-packages/py_launch/__init__.py to __init__.cpython-310.pyc
[1.747s] running install_data
[1.748s] creating /home/rosdev/ros2_ws/src/install/py_launch/share/ament_index
[1.748s] creating /home/rosdev/ros2_ws/src/install/py_launch/share/ament_index/resource_index
[1.749s] creating /home/rosdev/ros2_ws/src/install/py_launch/share/ament_index/resource_index/packages
[1.749s] copying resource/py_launch -> /home/rosdev/ros2_ws/src/install/py_launch/share/ament_index/resource_index/packages
[1.749s] copying package.xml -> /home/rosdev/ros2_ws/src/install/py_launch/share/py_launch
[1.749s] creating /home/rosdev/ros2_ws/src/install/py_launch/share/py_launch/launch
[1.749s] copying launch/_launch.py -> /home/rosdev/ros2_ws/src/install/py_launch/share/py_launch/launch
[1.749s] running install_egg_info
[1.753s] Copying ../build/py_launch/py_launch.egg-info to /home/rosdev/ros2_ws/src/install/py_launch/lib/python3.10/site-packages/py_launch-0.0.0-py3.10.egg-info
[1.755s] running install_scripts
[1.793s] writing list of installed files to '/home/rosdev/ros2_ws/src/build/py_launch/install.log'
[1.847s] Invoked command in '/home/rosdev/ros2_ws/src/py_launch' returned '0': PYTHONPATH=/home/rosdev/ros2_ws/src/build/py_launch/prefix_override:/usr/lib/python3/dist-packages/colcon_core/task/python/colcon_distutils_commands:/home/rosdev/ros2_ws/src/install/py_launch/lib/python3.10/site-packages:${PYTHONPATH} /usr/bin/python3 -W ignore:setup.py install is deprecated -W ignore:easy_install command is deprecated setup.py egg_info --egg-base ../build/py_launch build --build-base /home/rosdev/ros2_ws/src/build/py_launch/build install --record /home/rosdev/ros2_ws/src/build/py_launch/install.log --single-version-externally-managed install_data
