[0.051s] Invoking command in '/home/rosdev/ros2_ws/build/examples_rclcpp_minimal_action_server': CMAKE_PREFIX_PATH=/opt/ros/humble /usr/bin/cmake /home/rosdev/ros2_ws/src/examples/rclcpp/actions/minimal_action_server -DAMENT_CMAKE_SYMLINK_INSTALL=1 -DCMAKE_INSTALL_PREFIX=/home/rosdev/ros2_ws/install/examples_rclcpp_minimal_action_server
[0.583s] -- The C compiler identification is GNU 11.4.0
[0.978s] -- The CXX compiler identification is GNU 11.4.0
[1.007s] -- Detecting C compiler ABI info
[1.329s] -- Detecting C compiler ABI info - done
[1.409s] -- Check for working C compiler: /usr/bin/cc - skipped
[1.410s] -- Detecting C compile features
[1.410s] -- Detecting C compile features - done
[1.419s] -- Detecting CXX compiler ABI info
[1.733s] -- Detecting CXX compiler ABI info - done
[1.757s] -- Check for working CXX compiler: /usr/bin/c++ - skipped
[1.758s] -- Detecting CXX compile features
[1.760s] -- Detecting CXX compile features - done
[1.817s] -- Found ament_cmake: 1.3.12 (/opt/ros/humble/share/ament_cmake/cmake)
[2.455s] -- Found Python3: /usr/local/python/current/bin/python3 (found version "3.10.12") found components: Interpreter 
[2.727s] -- Override CMake install command with custom implementation using symlinks instead of copying resources
[2.866s] -- Configuring incomplete, errors occurred!
[2.866s] See also "/home/rosdev/ros2_ws/build/examples_rclcpp_minimal_action_server/CMakeFiles/CMakeOutput.log".
[2.868s] [31mCMake Error at CMakeLists.txt:14 (find_package):
[2.869s]   By not providing "Findexample_interfaces.cmake" in CMAKE_MODULE_PATH this
[2.869s]   project has asked CMake to find a package configuration file provided by
[2.869s]   "example_interfaces", but CMake did not find one.
[2.869s] 
[2.869s]   Could not find a package configuration file provided by
[2.869s]   "example_interfaces" with any of the following names:
[2.869s] 
[2.870s]     example_interfacesConfig.cmake
[2.870s]     example_interfaces-config.cmake
[2.871s] 
[2.872s]   Add the installation prefix of "example_interfaces" to CMAKE_PREFIX_PATH or
[2.872s]   set "example_interfaces_DIR" to a directory containing one of the above
[2.881s]   files.  If "example_interfaces" provides a separate development package or
[2.881s]   SDK, be sure it has been installed.
[2.881s] 
[2.882s] [0m
[2.901s] Invoked command in '/home/rosdev/ros2_ws/build/examples_rclcpp_minimal_action_server' returned '1': CMAKE_PREFIX_PATH=/opt/ros/humble /usr/bin/cmake /home/rosdev/ros2_ws/src/examples/rclcpp/actions/minimal_action_server -DAMENT_CMAKE_SYMLINK_INSTALL=1 -DCMAKE_INSTALL_PREFIX=/home/rosdev/ros2_ws/install/examples_rclcpp_minimal_action_server
