[0.056s] Invoking command in '/home/rosdev/ros2_ws/src/build/examples_rclcpp_cbg_executor': CMAKE_PREFIX_PATH=/opt/ros/humble /usr/bin/cmake /home/rosdev/ros2_ws/src/examples/rclcpp/executors/cbg_executor -DAMENT_CMAKE_SYMLINK_INSTALL=1 -DCMAKE_INSTALL_PREFIX=/home/rosdev/ros2_ws/src/install/examples_rclcpp_cbg_executor
[0.392s] -- The C compiler identification is GNU 11.4.0
[0.822s] -- The CXX compiler identification is GNU 11.4.0
[0.847s] -- Detecting C compiler ABI info
[1.425s] -- Detecting C compiler ABI info - done
[1.517s] -- Check for working C compiler: /usr/bin/cc - skipped
[1.517s] -- Detecting C compile features
[1.517s] -- Detecting C compile features - done
[1.531s] -- Detecting CXX compiler ABI info
[2.196s] -- Detecting CXX compiler ABI info - done
[2.267s] -- Check for working CXX compiler: /usr/bin/c++ - skipped
[2.267s] -- Detecting CXX compile features
[2.271s] -- Detecting CXX compile features - done
[2.288s] -- Found ament_cmake: 1.3.12 (/opt/ros/humble/share/ament_cmake/cmake)
[2.835s] -- Found Python3: /usr/local/python/current/bin/python3 (found version "3.10.12") found components: Interpreter 
[3.180s] -- Override CMake install command with custom implementation using symlinks instead of copying resources
[3.300s] -- Found rclcpp: 16.0.15 (/opt/ros/humble/share/rclcpp/cmake)
[3.404s] -- Found rosidl_generator_c: 3.1.7 (/opt/ros/humble/share/rosidl_generator_c/cmake)
[3.419s] -- Found rosidl_adapter: 3.1.7 (/opt/ros/humble/share/rosidl_adapter/cmake)
[3.443s] -- Found rosidl_generator_cpp: 3.1.7 (/opt/ros/humble/share/rosidl_generator_cpp/cmake)
[3.480s] -- Using all available rosidl_typesupport_c: rosidl_typesupport_fastrtps_c;rosidl_typesupport_introspection_c
[3.533s] -- Using all available rosidl_typesupport_cpp: rosidl_typesupport_fastrtps_cpp;rosidl_typesupport_introspection_cpp
[3.637s] -- Found rmw_implementation_cmake: 6.1.2 (/opt/ros/humble/share/rmw_implementation_cmake/cmake)
[3.643s] -- Found rmw_fastrtps_cpp: 6.2.8 (/opt/ros/humble/share/rmw_fastrtps_cpp/cmake)
[3.825s] -- Found OpenSSL: /usr/lib/x86_64-linux-gnu/libcrypto.so (found version "3.0.2")  
[3.875s] -- Found FastRTPS: /opt/ros/humble/include  
[3.943s] -- Using RMW implementation 'rmw_fastrtps_cpp' as default
[3.961s] -- Looking for pthread.h
[4.115s] -- Looking for pthread.h - found
[4.120s] -- Performing Test CMAKE_HAVE_LIBC_PTHREAD
[4.276s] -- Performing Test CMAKE_HAVE_LIBC_PTHREAD - Success
[4.280s] -- Found Threads: TRUE  
[4.428s] -- Found ament_lint_auto: 0.12.14 (/opt/ros/humble/share/ament_lint_auto/cmake)
[4.597s] -- Added test 'copyright' to check source files copyright and LICENSE
[4.602s] -- Added test 'cppcheck' to perform static code analysis on C / C++ code
[4.602s] -- Configured cppcheck include dirs: /home/rosdev/ros2_ws/src/examples/rclcpp/executors/cbg_executor/include
[4.602s] -- Configured cppcheck exclude dirs and/or files: 
[4.607s] -- Added test 'cpplint' to check C / C++ code against the Google style
[4.607s] -- Configured cpplint exclude dirs and/or files: 
[4.609s] -- Added test 'lint_cmake' to check CMake code style
[4.615s] -- Added test 'uncrustify' to check C / C++ code style
[4.616s] -- Configured uncrustify additional arguments: 
[4.617s] -- Added test 'xmllint' to check XML markup files
[4.624s] -- Configuring done
[4.660s] -- Generating done
[4.674s] -- Build files have been written to: /home/rosdev/ros2_ws/src/build/examples_rclcpp_cbg_executor
