[1.191s] Invoking command in '/home/rosdev/ros2_ws/src/python_parameters': PYTHONPATH=/home/rosdev/ros2_ws/src/build/python_parameters/prefix_override:/usr/lib/python3/dist-packages/colcon_core/task/python/colcon_distutils_commands:/home/rosdev/ros2_ws/src/install/python_parameters/lib/python3.10/site-packages:${PYTHONPATH} /usr/bin/python3 -W ignore:setup.py install is deprecated -W ignore:easy_install command is deprecated setup.py egg_info --egg-base ../build/python_parameters build --build-base /home/rosdev/ros2_ws/src/build/python_parameters/build install --record /home/rosdev/ros2_ws/src/build/python_parameters/install.log --single-version-externally-managed install_data
[1.641s] running egg_info
[1.642s] creating ../build/python_parameters/python_parameters.egg-info
[1.643s] writing ../build/python_parameters/python_parameters.egg-info/PKG-INFO
[1.643s] writing dependency_links to ../build/python_parameters/python_parameters.egg-info/dependency_links.txt
[1.643s] writing entry points to ../build/python_parameters/python_parameters.egg-info/entry_points.txt
[1.643s] writing requirements to ../build/python_parameters/python_parameters.egg-info/requires.txt
[1.643s] writing top-level names to ../build/python_parameters/python_parameters.egg-info/top_level.txt
[1.644s] writing manifest file '../build/python_parameters/python_parameters.egg-info/SOURCES.txt'
[1.647s] reading manifest file '../build/python_parameters/python_parameters.egg-info/SOURCES.txt'
[1.647s] adding license file 'LICENSE'
[1.648s] writing manifest file '../build/python_parameters/python_parameters.egg-info/SOURCES.txt'
[1.648s] running build
[1.648s] running build_py
[1.648s] creating /home/rosdev/ros2_ws/src/build/python_parameters/build
[1.649s] creating /home/rosdev/ros2_ws/src/build/python_parameters/build/lib
[1.649s] creating /home/rosdev/ros2_ws/src/build/python_parameters/build/lib/python_parameters
[1.649s] copying python_parameters/__init__.py -> /home/rosdev/ros2_ws/src/build/python_parameters/build/lib/python_parameters
[1.649s] copying python_parameters/python_parameters_node.py -> /home/rosdev/ros2_ws/src/build/python_parameters/build/lib/python_parameters
[1.649s] running install
[1.650s] running install_lib
[1.651s] creating /home/rosdev/ros2_ws/src/install/python_parameters/lib/python3.10/site-packages/python_parameters
[1.651s] copying /home/rosdev/ros2_ws/src/build/python_parameters/build/lib/python_parameters/__init__.py -> /home/rosdev/ros2_ws/src/install/python_parameters/lib/python3.10/site-packages/python_parameters
[1.651s] copying /home/rosdev/ros2_ws/src/build/python_parameters/build/lib/python_parameters/python_parameters_node.py -> /home/rosdev/ros2_ws/src/install/python_parameters/lib/python3.10/site-packages/python_parameters
[1.653s] byte-compiling /home/rosdev/ros2_ws/src/install/python_parameters/lib/python3.10/site-packages/python_parameters/__init__.py to __init__.cpython-310.pyc
[1.653s] byte-compiling /home/rosdev/ros2_ws/src/install/python_parameters/lib/python3.10/site-packages/python_parameters/python_parameters_node.py to python_parameters_node.cpython-310.pyc
[1.654s] running install_data
[1.654s] creating /home/rosdev/ros2_ws/src/install/python_parameters/share/ament_index
[1.654s] creating /home/rosdev/ros2_ws/src/install/python_parameters/share/ament_index/resource_index
[1.654s] creating /home/rosdev/ros2_ws/src/install/python_parameters/share/ament_index/resource_index/packages
[1.655s] copying resource/python_parameters -> /home/rosdev/ros2_ws/src/install/python_parameters/share/ament_index/resource_index/packages
[1.655s] copying package.xml -> /home/rosdev/ros2_ws/src/install/python_parameters/share/python_parameters
[1.655s] running install_egg_info
[1.658s] Copying ../build/python_parameters/python_parameters.egg-info to /home/rosdev/ros2_ws/src/install/python_parameters/lib/python3.10/site-packages/python_parameters-0.0.0-py3.10.egg-info
[1.660s] running install_scripts
[1.691s] Installing minimal_param_node script to /home/rosdev/ros2_ws/src/install/python_parameters/lib/python_parameters
[1.692s] writing list of installed files to '/home/rosdev/ros2_ws/src/build/python_parameters/install.log'
[1.737s] Invoked command in '/home/rosdev/ros2_ws/src/python_parameters' returned '0': PYTHONPATH=/home/rosdev/ros2_ws/src/build/python_parameters/prefix_override:/usr/lib/python3/dist-packages/colcon_core/task/python/colcon_distutils_commands:/home/rosdev/ros2_ws/src/install/python_parameters/lib/python3.10/site-packages:${PYTHONPATH} /usr/bin/python3 -W ignore:setup.py install is deprecated -W ignore:easy_install command is deprecated setup.py egg_info --egg-base ../build/python_parameters build --build-base /home/rosdev/ros2_ws/src/build/python_parameters/build install --record /home/rosdev/ros2_ws/src/build/python_parameters/install.log --single-version-externally-managed install_data
