[0.074s] Invoking command in '/home/rosdev/ros2_ws/src/build/examples_rclcpp_minimal_action_client': CMAKE_PREFIX_PATH=/opt/ros/humble /usr/bin/cmake /home/rosdev/ros2_ws/src/examples/rclcpp/actions/minimal_action_client -DAMENT_CMAKE_SYMLINK_INSTALL=1 -DCMAKE_INSTALL_PREFIX=/home/rosdev/ros2_ws/src/install/examples_rclcpp_minimal_action_client
[0.408s] -- The C compiler identification is GNU 11.4.0
[0.744s] -- The CXX compiler identification is GNU 11.4.0
[0.782s] -- Detecting C compiler ABI info
[1.343s] -- Detecting C compiler ABI info - done
[1.345s] -- Check for working C compiler: /usr/bin/cc - skipped
[1.346s] -- Detecting C compile features
[1.347s] -- Detecting C compile features - done
[1.418s] -- Detecting CXX compiler ABI info
[1.994s] -- Detecting CXX compiler ABI info - done
[2.050s] -- Check for working CXX compiler: /usr/bin/c++ - skipped
[2.051s] -- Detecting CXX compile features
[2.052s] -- Detecting CXX compile features - done
[2.062s] -- Found ament_cmake: 1.3.12 (/opt/ros/humble/share/ament_cmake/cmake)
[2.846s] -- Found Python3: /usr/local/python/current/bin/python3 (found version "3.10.12") found components: Interpreter 
[3.146s] -- Override CMake install command with custom implementation using symlinks instead of copying resources
[3.257s] [31mCMake Error at CMakeLists.txt:14 (find_package):
[3.257s]   By not providing "Findexample_interfaces.cmake" in CMAKE_MODULE_PATH this
[3.258s]   project has asked CMake to find a package configuration file provided by
[3.258s]   "example_interfaces", but CMake did not find one.
[3.259s] 
[3.259s]   Could not find a package configuration file provided by
[3.259s]   "example_interfaces" with any of the following names:
[3.259s] 
[3.259s]     example_interfacesConfig.cmake
[3.260s]     example_interfaces-config.cmake
[3.260s] 
[3.260s]   Add the installation prefix of "example_interfaces" to CMAKE_PREFIX_PATH or
[3.260s]   set "example_interfaces_DIR" to a directory containing one of the above
[3.260s]   files.  If "example_interfaces" provides a separate development package or
[3.260s]   SDK, be sure it has been installed.
[3.261s] 
[3.261s] [0m
[3.269s] -- Configuring incomplete, errors occurred!
[3.269s] See also "/home/rosdev/ros2_ws/src/build/examples_rclcpp_minimal_action_client/CMakeFiles/CMakeOutput.log".
