[0.059s] Invoking command in '/home/rosdev/ros2_ws/src/build/examples_rclcpp_async_client': CMAKE_PREFIX_PATH=/opt/ros/humble /usr/bin/cmake /home/rosdev/ros2_ws/src/examples/rclcpp/services/async_client -DAMENT_CMAKE_SYMLINK_INSTALL=1 -DCMAKE_INSTALL_PREFIX=/home/rosdev/ros2_ws/src/install/examples_rclcpp_async_client
[0.271s] -- The C compiler identification is GNU 11.4.0
[0.619s] -- The CXX compiler identification is GNU 11.4.0
[0.634s] -- Detecting C compiler ABI info
[1.262s] -- Detecting C compiler ABI info - done
[1.339s] -- Check for working C compiler: /usr/bin/cc - skipped
[1.341s] -- Detecting C compile features
[1.341s] -- Detecting C compile features - done
[1.346s] -- Detecting CXX compiler ABI info
[1.883s] -- Detecting CXX compiler ABI info - done
[1.930s] -- Check for working CXX compiler: /usr/bin/c++ - skipped
[1.936s] -- Detecting CXX compile features
[1.940s] -- Detecting CXX compile features - done
[2.016s] -- Found ament_cmake: 1.3.12 (/opt/ros/humble/share/ament_cmake/cmake)
[2.528s] -- Found Python3: /usr/local/python/current/bin/python3 (found version "3.10.12") found components: Interpreter 
[2.687s] -- Override CMake install command with custom implementation using symlinks instead of copying resources
[2.956s] -- Configuring incomplete, errors occurred!
[2.956s] See also "/home/rosdev/ros2_ws/src/build/examples_rclcpp_async_client/CMakeFiles/CMakeOutput.log".
[2.956s] [31mCMake Error at CMakeLists.txt:14 (find_package):
[2.956s]   By not providing "Findexample_interfaces.cmake" in CMAKE_MODULE_PATH this
[2.956s]   project has asked CMake to find a package configuration file provided by
[2.956s]   "example_interfaces", but CMake did not find one.
[2.956s] 
[2.957s]   Could not find a package configuration file provided by
[2.957s]   "example_interfaces" with any of the following names:
[2.957s] 
[2.957s]     example_interfacesConfig.cmake
[2.957s]     example_interfaces-config.cmake
[2.957s] 
[2.957s]   Add the installation prefix of "example_interfaces" to CMAKE_PREFIX_PATH or
[2.958s]   set "example_interfaces_DIR" to a directory containing one of the above
[2.958s]   files.  If "example_interfaces" provides a separate development package or
[2.958s]   SDK, be sure it has been installed.
[2.958s] 
[2.958s] [0m
[2.970s] Invoked command in '/home/rosdev/ros2_ws/src/build/examples_rclcpp_async_client' returned '1': CMAKE_PREFIX_PATH=/opt/ros/humble /usr/bin/cmake /home/rosdev/ros2_ws/src/examples/rclcpp/services/async_client -DAMENT_CMAKE_SYMLINK_INSTALL=1 -DCMAKE_INSTALL_PREFIX=/home/rosdev/ros2_ws/src/install/examples_rclcpp_async_client
