[0.052s] Invoking command in '/home/rosdev/ros2_ws/build/examples_rclcpp_minimal_action_client': CMAKE_PREFIX_PATH=/opt/ros/humble /usr/bin/cmake /home/rosdev/ros2_ws/src/examples/rclcpp/actions/minimal_action_client -DAMENT_CMAKE_SYMLINK_INSTALL=1 -DCMAKE_INSTALL_PREFIX=/home/rosdev/ros2_ws/install/examples_rclcpp_minimal_action_client
[0.643s] -- The C compiler identification is GNU 11.4.0
[0.977s] -- The CXX compiler identification is GNU 11.4.0
[1.019s] -- Detecting C compiler ABI info
[1.537s] -- Detecting C compiler ABI info - done
[1.573s] -- Check for working C compiler: /usr/bin/cc - skipped
[1.573s] -- Detecting C compile features
[1.573s] -- Detecting C compile features - done
[1.584s] -- Detecting CXX compiler ABI info
[1.850s] -- Detecting CXX compiler ABI info - done
[1.880s] -- Check for working CXX compiler: /usr/bin/c++ - skipped
[1.880s] -- Detecting CXX compile features
[1.881s] -- Detecting CXX compile features - done
[1.898s] -- Found ament_cmake: 1.3.12 (/opt/ros/humble/share/ament_cmake/cmake)
[2.390s] -- Found Python3: /usr/local/python/current/bin/python3 (found version "3.10.12") found components: Interpreter 
[2.732s] -- Override CMake install command with custom implementation using symlinks instead of copying resources
[2.901s] -- Configuring incomplete, errors occurred!
[2.901s] [31mCMake Error at CMakeLists.txt:14 (find_package):
[2.909s]   By not providing "Findexample_interfaces.cmake" in CMAKE_MODULE_PATH this
[2.909s]   project has asked CMake to find a package configuration file provided by
[2.909s]   "example_interfaces", but CMake did not find one.
[2.909s] 
[2.909s]   Could not find a package configuration file provided by
[2.909s]   "example_interfaces" with any of the following names:
[2.910s] 
[2.910s]     example_interfacesConfig.cmake
[2.910s]     example_interfaces-config.cmake
[2.910s] 
[2.910s]   Add the installation prefix of "example_interfaces" to CMAKE_PREFIX_PATH or
[2.910s]   set "example_interfaces_DIR" to a directory containing one of the above
[2.910s]   files.  If "example_interfaces" provides a separate development package or
[2.911s]   SDK, be sure it has been installed.
[2.911s] 
[2.911s] [0m
[2.911s] See also "/home/rosdev/ros2_ws/build/examples_rclcpp_minimal_action_client/CMakeFiles/CMakeOutput.log".
[2.915s] Invoked command in '/home/rosdev/ros2_ws/build/examples_rclcpp_minimal_action_client' returned '1': CMAKE_PREFIX_PATH=/opt/ros/humble /usr/bin/cmake /home/rosdev/ros2_ws/src/examples/rclcpp/actions/minimal_action_client -DAMENT_CMAKE_SYMLINK_INSTALL=1 -DCMAKE_INSTALL_PREFIX=/home/rosdev/ros2_ws/install/examples_rclcpp_minimal_action_client
