[0.053s] Invoking command in '/home/rosdev/ros2_ws/build/examples_rclcpp_cbg_executor': CMAKE_PREFIX_PATH=/opt/ros/humble /usr/bin/cmake /home/rosdev/ros2_ws/src/examples/rclcpp/executors/cbg_executor -DAMENT_CMAKE_SYMLINK_INSTALL=1 -DCMAKE_INSTALL_PREFIX=/home/rosdev/ros2_ws/install/examples_rclcpp_cbg_executor
[0.649s] -- The C compiler identification is GNU 11.4.0
[0.984s] -- The CXX compiler identification is GNU 11.4.0
[1.028s] -- Detecting C compiler ABI info
[1.386s] -- Detecting C compiler ABI info - done
[1.434s] -- Check for working C compiler: /usr/bin/cc - skipped
[1.435s] -- Detecting C compile features
[1.440s] -- Detecting C compile features - done
[1.449s] -- Detecting CXX compiler ABI info
[1.830s] -- Detecting CXX compiler ABI info - done
[1.851s] -- Check for working CXX compiler: /usr/bin/c++ - skipped
[1.852s] -- Detecting CXX compile features
[1.854s] -- Detecting CXX compile features - done
[1.863s] -- Found ament_cmake: 1.3.12 (/opt/ros/humble/share/ament_cmake/cmake)
[2.403s] -- Found Python3: /usr/local/python/current/bin/python3 (found version "3.10.12") found components: Interpreter 
[2.743s] -- Override CMake install command with custom implementation using symlinks instead of copying resources
[2.878s] -- Found rclcpp: 16.0.15 (/opt/ros/humble/share/rclcpp/cmake)
[3.143s] -- Found rosidl_generator_c: 3.1.7 (/opt/ros/humble/share/rosidl_generator_c/cmake)
[3.171s] -- Found rosidl_adapter: 3.1.7 (/opt/ros/humble/share/rosidl_adapter/cmake)
[3.224s] -- Found rosidl_generator_cpp: 3.1.7 (/opt/ros/humble/share/rosidl_generator_cpp/cmake)
[3.302s] -- Using all available rosidl_typesupport_c: rosidl_typesupport_fastrtps_c;rosidl_typesupport_introspection_c
[3.401s] -- Using all available rosidl_typesupport_cpp: rosidl_typesupport_fastrtps_cpp;rosidl_typesupport_introspection_cpp
[3.618s] -- Found rmw_implementation_cmake: 6.1.2 (/opt/ros/humble/share/rmw_implementation_cmake/cmake)
[3.633s] -- Found rmw_fastrtps_cpp: 6.2.8 (/opt/ros/humble/share/rmw_fastrtps_cpp/cmake)
[3.982s] -- Found OpenSSL: /usr/lib/x86_64-linux-gnu/libcrypto.so (found version "3.0.2")  
[4.043s] -- Found FastRTPS: /opt/ros/humble/include  
[4.136s] -- Using RMW implementation 'rmw_fastrtps_cpp' as default
[4.179s] -- Looking for pthread.h
[4.375s] -- Looking for pthread.h - found
[4.375s] -- Performing Test CMAKE_HAVE_LIBC_PTHREAD
[4.593s] -- Performing Test CMAKE_HAVE_LIBC_PTHREAD - Success
[4.594s] -- Found Threads: TRUE  
[4.822s] -- Found ament_lint_auto: 0.12.14 (/opt/ros/humble/share/ament_lint_auto/cmake)
[5.068s] -- Added test 'copyright' to check source files copyright and LICENSE
[5.073s] -- Added test 'cppcheck' to perform static code analysis on C / C++ code
[5.075s] -- Configured cppcheck include dirs: /home/rosdev/ros2_ws/src/examples/rclcpp/executors/cbg_executor/include
[5.076s] -- Configured cppcheck exclude dirs and/or files: 
[5.081s] -- Added test 'cpplint' to check C / C++ code against the Google style
[5.082s] -- Configured cpplint exclude dirs and/or files: 
[5.086s] -- Added test 'lint_cmake' to check CMake code style
[5.092s] -- Added test 'uncrustify' to check C / C++ code style
[5.092s] -- Configured uncrustify additional arguments: 
[5.094s] -- Added test 'xmllint' to check XML markup files
[5.121s] -- Configuring done
[5.155s] -- Generating done
[5.169s] -- Build files have been written to: /home/rosdev/ros2_ws/build/examples_rclcpp_cbg_executor
