[0.349s] DEBUG:colcon:Command line arguments: ['/usr/bin/colcon', 'list', '-p', '--base-paths', '/home/rosdev/ros2_ws']
[0.349s] DEBUG:colcon:Parsed command line arguments: Namespace(log_base=None, log_level=None, verb_name='list', build_base='build', ignore_user_meta=False, metas=['./colcon.meta'], base_paths=['/home/rosdev/ros2_ws'], packages_ignore=None, packages_ignore_regex=None, paths=None, packages_up_to=None, packages_up_to_regex=None, packages_above=None, packages_above_and_dependencies=None, packages_above_depth=None, packages_select_by_dep=None, packages_skip_by_dep=None, packages_skip_up_to=None, packages_select_build_failed=False, packages_skip_build_finished=False, packages_select_test_failures=False, packages_skip_test_passed=False, packages_select=None, packages_skip=None, packages_select_regex=None, packages_skip_regex=None, packages_start=None, packages_end=None, topological_order=False, names_only=False, paths_only=True, topological_graph=False, topological_graph_dot=False, topological_graph_density=False, topological_graph_legend=False, topological_graph_dot_cluster=False, topological_graph_dot_include_skipped=False, mixin_files=None, mixin=None, verb_parser=<colcon_mixin.mixin.mixin_argument.MixinArgumentDecorator object at 0x7a98b4c1b7f0>, verb_extension=<colcon_package_information.verb.list.ListVerb object at 0x7a98b4dc8700>, main=<bound method ListVerb.main of <colcon_package_information.verb.list.ListVerb object at 0x7a98b4dc8700>>, mixin_verb=('list',))
[1.075s] Level 1:colcon.colcon_core.package_discovery:discover_packages(colcon_meta) check parameters
[1.075s] Level 1:colcon.colcon_core.package_discovery:discover_packages(recursive) check parameters
[1.076s] Level 1:colcon.colcon_core.package_discovery:discover_packages(ignore) check parameters
[1.076s] Level 1:colcon.colcon_core.package_discovery:discover_packages(path) check parameters
[1.076s] Level 1:colcon.colcon_core.package_discovery:discover_packages(recursive) discover
[1.076s] INFO:colcon.colcon_core.package_discovery:Crawling recursively for packages in '/home/rosdev/ros2_ws'
[1.076s] Level 1:colcon.colcon_core.package_identification:_identify(/home/rosdev/ros2_ws) by extensions ['ignore', 'ignore_ament_install']
[1.076s] Level 1:colcon.colcon_core.package_identification:_identify(/home/rosdev/ros2_ws) by extension 'ignore'
[1.077s] Level 1:colcon.colcon_core.package_identification:_identify(/home/rosdev/ros2_ws) by extension 'ignore_ament_install'
[1.077s] Level 1:colcon.colcon_core.package_identification:_identify(/home/rosdev/ros2_ws) by extensions ['colcon_pkg']
[1.077s] Level 1:colcon.colcon_core.package_identification:_identify(/home/rosdev/ros2_ws) by extension 'colcon_pkg'
[1.077s] Level 1:colcon.colcon_core.package_identification:_identify(/home/rosdev/ros2_ws) by extensions ['colcon_meta']
[1.077s] Level 1:colcon.colcon_core.package_identification:_identify(/home/rosdev/ros2_ws) by extension 'colcon_meta'
[1.077s] Level 1:colcon.colcon_core.package_identification:_identify(/home/rosdev/ros2_ws) by extensions ['ros']
[1.077s] Level 1:colcon.colcon_core.package_identification:_identify(/home/rosdev/ros2_ws) by extension 'ros'
[1.124s] Level 1:colcon.colcon_core.package_identification:_identify(/home/rosdev/ros2_ws) by extensions ['cmake', 'python']
[1.124s] Level 1:colcon.colcon_core.package_identification:_identify(/home/rosdev/ros2_ws) by extension 'cmake'
[1.124s] Level 1:colcon.colcon_core.package_identification:_identify(/home/rosdev/ros2_ws) by extension 'python'
[1.124s] Level 1:colcon.colcon_core.package_identification:_identify(/home/rosdev/ros2_ws) by extensions ['python_setup_py']
[1.124s] Level 1:colcon.colcon_core.package_identification:_identify(/home/rosdev/ros2_ws) by extension 'python_setup_py'
[1.127s] Level 1:colcon.colcon_core.package_identification:_identify(/home/rosdev/ros2_ws/log) by extensions ['ignore', 'ignore_ament_install']
[1.127s] Level 1:colcon.colcon_core.package_identification:_identify(/home/rosdev/ros2_ws/log) by extension 'ignore'
[1.127s] Level 1:colcon.colcon_core.package_identification:_identify(/home/rosdev/ros2_ws/log) ignored
[1.130s] Level 1:colcon.colcon_core.package_identification:_identify(/home/rosdev/ros2_ws/src) by extensions ['ignore', 'ignore_ament_install']
[1.130s] Level 1:colcon.colcon_core.package_identification:_identify(/home/rosdev/ros2_ws/src) by extension 'ignore'
[1.130s] Level 1:colcon.colcon_core.package_identification:_identify(/home/rosdev/ros2_ws/src) by extension 'ignore_ament_install'
[1.130s] Level 1:colcon.colcon_core.package_identification:_identify(/home/rosdev/ros2_ws/src) by extensions ['colcon_pkg']
[1.130s] Level 1:colcon.colcon_core.package_identification:_identify(/home/rosdev/ros2_ws/src) by extension 'colcon_pkg'
[1.130s] Level 1:colcon.colcon_core.package_identification:_identify(/home/rosdev/ros2_ws/src) by extensions ['colcon_meta']
[1.130s] Level 1:colcon.colcon_core.package_identification:_identify(/home/rosdev/ros2_ws/src) by extension 'colcon_meta'
[1.235s] Level 1:colcon.colcon_core.package_identification:_identify(/home/rosdev/ros2_ws/src) by extensions ['ros']
[1.235s] Level 1:colcon.colcon_core.package_identification:_identify(/home/rosdev/ros2_ws/src) by extension 'ros'
[1.236s] Level 1:colcon.colcon_core.package_identification:_identify(/home/rosdev/ros2_ws/src) by extensions ['cmake', 'python']
[1.236s] Level 1:colcon.colcon_core.package_identification:_identify(/home/rosdev/ros2_ws/src) by extension 'cmake'
[1.236s] Level 1:colcon.colcon_core.package_identification:_identify(/home/rosdev/ros2_ws/src) by extension 'python'
[1.236s] Level 1:colcon.colcon_core.package_identification:_identify(/home/rosdev/ros2_ws/src) by extensions ['python_setup_py']
[1.236s] Level 1:colcon.colcon_core.package_identification:_identify(/home/rosdev/ros2_ws/src) by extension 'python_setup_py'
[1.237s] Level 1:colcon.colcon_core.package_identification:_identify(/home/rosdev/ros2_ws/src/examples) by extensions ['ignore', 'ignore_ament_install']
[1.244s] Level 1:colcon.colcon_core.package_identification:_identify(/home/rosdev/ros2_ws/src/examples) by extension 'ignore'
[1.245s] Level 1:colcon.colcon_core.package_identification:_identify(/home/rosdev/ros2_ws/src/examples) by extension 'ignore_ament_install'
[1.245s] Level 1:colcon.colcon_core.package_identification:_identify(/home/rosdev/ros2_ws/src/examples) by extensions ['colcon_pkg']
[1.245s] Level 1:colcon.colcon_core.package_identification:_identify(/home/rosdev/ros2_ws/src/examples) by extension 'colcon_pkg'
[1.245s] Level 1:colcon.colcon_core.package_identification:_identify(/home/rosdev/ros2_ws/src/examples) by extensions ['colcon_meta']
[1.245s] Level 1:colcon.colcon_core.package_identification:_identify(/home/rosdev/ros2_ws/src/examples) by extension 'colcon_meta'
[1.245s] Level 1:colcon.colcon_core.package_identification:_identify(/home/rosdev/ros2_ws/src/examples) by extensions ['ros']
[1.245s] Level 1:colcon.colcon_core.package_identification:_identify(/home/rosdev/ros2_ws/src/examples) by extension 'ros'
[1.246s] Level 1:colcon.colcon_core.package_identification:_identify(/home/rosdev/ros2_ws/src/examples) by extensions ['cmake', 'python']
[1.246s] Level 1:colcon.colcon_core.package_identification:_identify(/home/rosdev/ros2_ws/src/examples) by extension 'cmake'
[1.246s] Level 1:colcon.colcon_core.package_identification:_identify(/home/rosdev/ros2_ws/src/examples) by extension 'python'
[1.246s] Level 1:colcon.colcon_core.package_identification:_identify(/home/rosdev/ros2_ws/src/examples) by extensions ['python_setup_py']
[1.246s] Level 1:colcon.colcon_core.package_identification:_identify(/home/rosdev/ros2_ws/src/examples) by extension 'python_setup_py'
[1.247s] Level 1:colcon.colcon_core.package_identification:_identify(/home/rosdev/ros2_ws/src/examples/launch_testing) by extensions ['ignore', 'ignore_ament_install']
[1.247s] Level 1:colcon.colcon_core.package_identification:_identify(/home/rosdev/ros2_ws/src/examples/launch_testing) by extension 'ignore'
[1.247s] Level 1:colcon.colcon_core.package_identification:_identify(/home/rosdev/ros2_ws/src/examples/launch_testing) by extension 'ignore_ament_install'
[1.248s] Level 1:colcon.colcon_core.package_identification:_identify(/home/rosdev/ros2_ws/src/examples/launch_testing) by extensions ['colcon_pkg']
[1.250s] Level 1:colcon.colcon_core.package_identification:_identify(/home/rosdev/ros2_ws/src/examples/launch_testing) by extension 'colcon_pkg'
[1.254s] Level 1:colcon.colcon_core.package_identification:_identify(/home/rosdev/ros2_ws/src/examples/launch_testing) by extensions ['colcon_meta']
[1.260s] Level 1:colcon.colcon_core.package_identification:_identify(/home/rosdev/ros2_ws/src/examples/launch_testing) by extension 'colcon_meta'
[1.275s] Level 1:colcon.colcon_core.package_identification:_identify(/home/rosdev/ros2_ws/src/examples/launch_testing) by extensions ['ros']
[1.276s] Level 1:colcon.colcon_core.package_identification:_identify(/home/rosdev/ros2_ws/src/examples/launch_testing) by extension 'ros'
[1.276s] Level 1:colcon.colcon_core.package_identification:_identify(/home/rosdev/ros2_ws/src/examples/launch_testing) by extensions ['cmake', 'python']
[1.277s] Level 1:colcon.colcon_core.package_identification:_identify(/home/rosdev/ros2_ws/src/examples/launch_testing) by extension 'cmake'
[1.277s] Level 1:colcon.colcon_core.package_identification:_identify(/home/rosdev/ros2_ws/src/examples/launch_testing) by extension 'python'
[1.277s] Level 1:colcon.colcon_core.package_identification:_identify(/home/rosdev/ros2_ws/src/examples/launch_testing) by extensions ['python_setup_py']
[1.277s] Level 1:colcon.colcon_core.package_identification:_identify(/home/rosdev/ros2_ws/src/examples/launch_testing) by extension 'python_setup_py'
[1.280s] Level 1:colcon.colcon_core.package_identification:_identify(/home/rosdev/ros2_ws/src/examples/launch_testing/launch_testing_examples) by extensions ['ignore', 'ignore_ament_install']
[1.281s] Level 1:colcon.colcon_core.package_identification:_identify(/home/rosdev/ros2_ws/src/examples/launch_testing/launch_testing_examples) by extension 'ignore'
[1.281s] Level 1:colcon.colcon_core.package_identification:_identify(/home/rosdev/ros2_ws/src/examples/launch_testing/launch_testing_examples) by extension 'ignore_ament_install'
[1.281s] Level 1:colcon.colcon_core.package_identification:_identify(/home/rosdev/ros2_ws/src/examples/launch_testing/launch_testing_examples) by extensions ['colcon_pkg']
[1.281s] Level 1:colcon.colcon_core.package_identification:_identify(/home/rosdev/ros2_ws/src/examples/launch_testing/launch_testing_examples) by extension 'colcon_pkg'
[1.281s] Level 1:colcon.colcon_core.package_identification:_identify(/home/rosdev/ros2_ws/src/examples/launch_testing/launch_testing_examples) by extensions ['colcon_meta']
[1.281s] Level 1:colcon.colcon_core.package_identification:_identify(/home/rosdev/ros2_ws/src/examples/launch_testing/launch_testing_examples) by extension 'colcon_meta'
[1.282s] Level 1:colcon.colcon_core.package_identification:_identify(/home/rosdev/ros2_ws/src/examples/launch_testing/launch_testing_examples) by extensions ['ros']
[1.282s] Level 1:colcon.colcon_core.package_identification:_identify(/home/rosdev/ros2_ws/src/examples/launch_testing/launch_testing_examples) by extension 'ros'
[1.290s] DEBUG:colcon.colcon_core.package_identification:Package '/home/rosdev/ros2_ws/src/examples/launch_testing/launch_testing_examples' with type 'ros.ament_python' and name 'launch_testing_examples'
[1.290s] Level 1:colcon.colcon_core.package_identification:_identify(/home/rosdev/ros2_ws/src/examples/rclcpp) by extensions ['ignore', 'ignore_ament_install']
[1.291s] Level 1:colcon.colcon_core.package_identification:_identify(/home/rosdev/ros2_ws/src/examples/rclcpp) by extension 'ignore'
[1.291s] Level 1:colcon.colcon_core.package_identification:_identify(/home/rosdev/ros2_ws/src/examples/rclcpp) by extension 'ignore_ament_install'
[1.291s] Level 1:colcon.colcon_core.package_identification:_identify(/home/rosdev/ros2_ws/src/examples/rclcpp) by extensions ['colcon_pkg']
[1.291s] Level 1:colcon.colcon_core.package_identification:_identify(/home/rosdev/ros2_ws/src/examples/rclcpp) by extension 'colcon_pkg'
[1.291s] Level 1:colcon.colcon_core.package_identification:_identify(/home/rosdev/ros2_ws/src/examples/rclcpp) by extensions ['colcon_meta']
[1.291s] Level 1:colcon.colcon_core.package_identification:_identify(/home/rosdev/ros2_ws/src/examples/rclcpp) by extension 'colcon_meta'
[1.292s] Level 1:colcon.colcon_core.package_identification:_identify(/home/rosdev/ros2_ws/src/examples/rclcpp) by extensions ['ros']
[1.292s] Level 1:colcon.colcon_core.package_identification:_identify(/home/rosdev/ros2_ws/src/examples/rclcpp) by extension 'ros'
[1.292s] Level 1:colcon.colcon_core.package_identification:_identify(/home/rosdev/ros2_ws/src/examples/rclcpp) by extensions ['cmake', 'python']
[1.292s] Level 1:colcon.colcon_core.package_identification:_identify(/home/rosdev/ros2_ws/src/examples/rclcpp) by extension 'cmake'
[1.292s] Level 1:colcon.colcon_core.package_identification:_identify(/home/rosdev/ros2_ws/src/examples/rclcpp) by extension 'python'
[1.293s] Level 1:colcon.colcon_core.package_identification:_identify(/home/rosdev/ros2_ws/src/examples/rclcpp) by extensions ['python_setup_py']
[1.293s] Level 1:colcon.colcon_core.package_identification:_identify(/home/rosdev/ros2_ws/src/examples/rclcpp) by extension 'python_setup_py'
[1.293s] Level 1:colcon.colcon_core.package_identification:_identify(/home/rosdev/ros2_ws/src/examples/rclcpp/actions) by extensions ['ignore', 'ignore_ament_install']
[1.293s] Level 1:colcon.colcon_core.package_identification:_identify(/home/rosdev/ros2_ws/src/examples/rclcpp/actions) by extension 'ignore'
[1.293s] Level 1:colcon.colcon_core.package_identification:_identify(/home/rosdev/ros2_ws/src/examples/rclcpp/actions) by extension 'ignore_ament_install'
[1.294s] Level 1:colcon.colcon_core.package_identification:_identify(/home/rosdev/ros2_ws/src/examples/rclcpp/actions) by extensions ['colcon_pkg']
[1.294s] Level 1:colcon.colcon_core.package_identification:_identify(/home/rosdev/ros2_ws/src/examples/rclcpp/actions) by extension 'colcon_pkg'
[1.294s] Level 1:colcon.colcon_core.package_identification:_identify(/home/rosdev/ros2_ws/src/examples/rclcpp/actions) by extensions ['colcon_meta']
[1.295s] Level 1:colcon.colcon_core.package_identification:_identify(/home/rosdev/ros2_ws/src/examples/rclcpp/actions) by extension 'colcon_meta'
[1.295s] Level 1:colcon.colcon_core.package_identification:_identify(/home/rosdev/ros2_ws/src/examples/rclcpp/actions) by extensions ['ros']
[1.295s] Level 1:colcon.colcon_core.package_identification:_identify(/home/rosdev/ros2_ws/src/examples/rclcpp/actions) by extension 'ros'
[1.295s] Level 1:colcon.colcon_core.package_identification:_identify(/home/rosdev/ros2_ws/src/examples/rclcpp/actions) by extensions ['cmake', 'python']
[1.295s] Level 1:colcon.colcon_core.package_identification:_identify(/home/rosdev/ros2_ws/src/examples/rclcpp/actions) by extension 'cmake'
[1.295s] Level 1:colcon.colcon_core.package_identification:_identify(/home/rosdev/ros2_ws/src/examples/rclcpp/actions) by extension 'python'
[1.295s] Level 1:colcon.colcon_core.package_identification:_identify(/home/rosdev/ros2_ws/src/examples/rclcpp/actions) by extensions ['python_setup_py']
[1.296s] Level 1:colcon.colcon_core.package_identification:_identify(/home/rosdev/ros2_ws/src/examples/rclcpp/actions) by extension 'python_setup_py'
[1.296s] Level 1:colcon.colcon_core.package_identification:_identify(/home/rosdev/ros2_ws/src/examples/rclcpp/actions/minimal_action_client) by extensions ['ignore', 'ignore_ament_install']
[1.296s] Level 1:colcon.colcon_core.package_identification:_identify(/home/rosdev/ros2_ws/src/examples/rclcpp/actions/minimal_action_client) by extension 'ignore'
[1.297s] Level 1:colcon.colcon_core.package_identification:_identify(/home/rosdev/ros2_ws/src/examples/rclcpp/actions/minimal_action_client) by extension 'ignore_ament_install'
[1.297s] Level 1:colcon.colcon_core.package_identification:_identify(/home/rosdev/ros2_ws/src/examples/rclcpp/actions/minimal_action_client) by extensions ['colcon_pkg']
[1.297s] Level 1:colcon.colcon_core.package_identification:_identify(/home/rosdev/ros2_ws/src/examples/rclcpp/actions/minimal_action_client) by extension 'colcon_pkg'
[1.297s] Level 1:colcon.colcon_core.package_identification:_identify(/home/rosdev/ros2_ws/src/examples/rclcpp/actions/minimal_action_client) by extensions ['colcon_meta']
[1.297s] Level 1:colcon.colcon_core.package_identification:_identify(/home/rosdev/ros2_ws/src/examples/rclcpp/actions/minimal_action_client) by extension 'colcon_meta'
[1.297s] Level 1:colcon.colcon_core.package_identification:_identify(/home/rosdev/ros2_ws/src/examples/rclcpp/actions/minimal_action_client) by extensions ['ros']
[1.298s] Level 1:colcon.colcon_core.package_identification:_identify(/home/rosdev/ros2_ws/src/examples/rclcpp/actions/minimal_action_client) by extension 'ros'
[1.303s] DEBUG:colcon.colcon_core.package_identification:Package '/home/rosdev/ros2_ws/src/examples/rclcpp/actions/minimal_action_client' with type 'ros.ament_cmake' and name 'examples_rclcpp_minimal_action_client'
[1.303s] Level 1:colcon.colcon_core.package_identification:_identify(/home/rosdev/ros2_ws/src/examples/rclcpp/actions/minimal_action_server) by extensions ['ignore', 'ignore_ament_install']
[1.304s] Level 1:colcon.colcon_core.package_identification:_identify(/home/rosdev/ros2_ws/src/examples/rclcpp/actions/minimal_action_server) by extension 'ignore'
[1.304s] Level 1:colcon.colcon_core.package_identification:_identify(/home/rosdev/ros2_ws/src/examples/rclcpp/actions/minimal_action_server) by extension 'ignore_ament_install'
[1.304s] Level 1:colcon.colcon_core.package_identification:_identify(/home/rosdev/ros2_ws/src/examples/rclcpp/actions/minimal_action_server) by extensions ['colcon_pkg']
[1.304s] Level 1:colcon.colcon_core.package_identification:_identify(/home/rosdev/ros2_ws/src/examples/rclcpp/actions/minimal_action_server) by extension 'colcon_pkg'
[1.304s] Level 1:colcon.colcon_core.package_identification:_identify(/home/rosdev/ros2_ws/src/examples/rclcpp/actions/minimal_action_server) by extensions ['colcon_meta']
[1.304s] Level 1:colcon.colcon_core.package_identification:_identify(/home/rosdev/ros2_ws/src/examples/rclcpp/actions/minimal_action_server) by extension 'colcon_meta'
[1.305s] Level 1:colcon.colcon_core.package_identification:_identify(/home/rosdev/ros2_ws/src/examples/rclcpp/actions/minimal_action_server) by extensions ['ros']
[1.305s] Level 1:colcon.colcon_core.package_identification:_identify(/home/rosdev/ros2_ws/src/examples/rclcpp/actions/minimal_action_server) by extension 'ros'
[1.307s] DEBUG:colcon.colcon_core.package_identification:Package '/home/rosdev/ros2_ws/src/examples/rclcpp/actions/minimal_action_server' with type 'ros.ament_cmake' and name 'examples_rclcpp_minimal_action_server'
[1.307s] Level 1:colcon.colcon_core.package_identification:_identify(/home/rosdev/ros2_ws/src/examples/rclcpp/composition) by extensions ['ignore', 'ignore_ament_install']
[1.308s] Level 1:colcon.colcon_core.package_identification:_identify(/home/rosdev/ros2_ws/src/examples/rclcpp/composition) by extension 'ignore'
[1.308s] Level 1:colcon.colcon_core.package_identification:_identify(/home/rosdev/ros2_ws/src/examples/rclcpp/composition) by extension 'ignore_ament_install'
[1.308s] Level 1:colcon.colcon_core.package_identification:_identify(/home/rosdev/ros2_ws/src/examples/rclcpp/composition) by extensions ['colcon_pkg']
[1.308s] Level 1:colcon.colcon_core.package_identification:_identify(/home/rosdev/ros2_ws/src/examples/rclcpp/composition) by extension 'colcon_pkg'
[1.308s] Level 1:colcon.colcon_core.package_identification:_identify(/home/rosdev/ros2_ws/src/examples/rclcpp/composition) by extensions ['colcon_meta']
[1.308s] Level 1:colcon.colcon_core.package_identification:_identify(/home/rosdev/ros2_ws/src/examples/rclcpp/composition) by extension 'colcon_meta'
[1.309s] Level 1:colcon.colcon_core.package_identification:_identify(/home/rosdev/ros2_ws/src/examples/rclcpp/composition) by extensions ['ros']
[1.309s] Level 1:colcon.colcon_core.package_identification:_identify(/home/rosdev/ros2_ws/src/examples/rclcpp/composition) by extension 'ros'
[1.309s] Level 1:colcon.colcon_core.package_identification:_identify(/home/rosdev/ros2_ws/src/examples/rclcpp/composition) by extensions ['cmake', 'python']
[1.309s] Level 1:colcon.colcon_core.package_identification:_identify(/home/rosdev/ros2_ws/src/examples/rclcpp/composition) by extension 'cmake'
[1.309s] Level 1:colcon.colcon_core.package_identification:_identify(/home/rosdev/ros2_ws/src/examples/rclcpp/composition) by extension 'python'
[1.309s] Level 1:colcon.colcon_core.package_identification:_identify(/home/rosdev/ros2_ws/src/examples/rclcpp/composition) by extensions ['python_setup_py']
[1.309s] Level 1:colcon.colcon_core.package_identification:_identify(/home/rosdev/ros2_ws/src/examples/rclcpp/composition) by extension 'python_setup_py'
[1.310s] Level 1:colcon.colcon_core.package_identification:_identify(/home/rosdev/ros2_ws/src/examples/rclcpp/composition/minimal_composition) by extensions ['ignore', 'ignore_ament_install']
[1.310s] Level 1:colcon.colcon_core.package_identification:_identify(/home/rosdev/ros2_ws/src/examples/rclcpp/composition/minimal_composition) by extension 'ignore'
[1.310s] Level 1:colcon.colcon_core.package_identification:_identify(/home/rosdev/ros2_ws/src/examples/rclcpp/composition/minimal_composition) by extension 'ignore_ament_install'
[1.310s] Level 1:colcon.colcon_core.package_identification:_identify(/home/rosdev/ros2_ws/src/examples/rclcpp/composition/minimal_composition) by extensions ['colcon_pkg']
[1.310s] Level 1:colcon.colcon_core.package_identification:_identify(/home/rosdev/ros2_ws/src/examples/rclcpp/composition/minimal_composition) by extension 'colcon_pkg'
[1.311s] Level 1:colcon.colcon_core.package_identification:_identify(/home/rosdev/ros2_ws/src/examples/rclcpp/composition/minimal_composition) by extensions ['colcon_meta']
[1.311s] Level 1:colcon.colcon_core.package_identification:_identify(/home/rosdev/ros2_ws/src/examples/rclcpp/composition/minimal_composition) by extension 'colcon_meta'
[1.311s] Level 1:colcon.colcon_core.package_identification:_identify(/home/rosdev/ros2_ws/src/examples/rclcpp/composition/minimal_composition) by extensions ['ros']
[1.311s] Level 1:colcon.colcon_core.package_identification:_identify(/home/rosdev/ros2_ws/src/examples/rclcpp/composition/minimal_composition) by extension 'ros'
[1.313s] DEBUG:colcon.colcon_core.package_identification:Package '/home/rosdev/ros2_ws/src/examples/rclcpp/composition/minimal_composition' with type 'ros.ament_cmake' and name 'examples_rclcpp_minimal_composition'
[1.314s] Level 1:colcon.colcon_core.package_identification:_identify(/home/rosdev/ros2_ws/src/examples/rclcpp/executors) by extensions ['ignore', 'ignore_ament_install']
[1.314s] Level 1:colcon.colcon_core.package_identification:_identify(/home/rosdev/ros2_ws/src/examples/rclcpp/executors) by extension 'ignore'
[1.314s] Level 1:colcon.colcon_core.package_identification:_identify(/home/rosdev/ros2_ws/src/examples/rclcpp/executors) by extension 'ignore_ament_install'
[1.315s] Level 1:colcon.colcon_core.package_identification:_identify(/home/rosdev/ros2_ws/src/examples/rclcpp/executors) by extensions ['colcon_pkg']
[1.315s] Level 1:colcon.colcon_core.package_identification:_identify(/home/rosdev/ros2_ws/src/examples/rclcpp/executors) by extension 'colcon_pkg'
[1.315s] Level 1:colcon.colcon_core.package_identification:_identify(/home/rosdev/ros2_ws/src/examples/rclcpp/executors) by extensions ['colcon_meta']
[1.315s] Level 1:colcon.colcon_core.package_identification:_identify(/home/rosdev/ros2_ws/src/examples/rclcpp/executors) by extension 'colcon_meta'
[1.315s] Level 1:colcon.colcon_core.package_identification:_identify(/home/rosdev/ros2_ws/src/examples/rclcpp/executors) by extensions ['ros']
[1.315s] Level 1:colcon.colcon_core.package_identification:_identify(/home/rosdev/ros2_ws/src/examples/rclcpp/executors) by extension 'ros'
[1.315s] Level 1:colcon.colcon_core.package_identification:_identify(/home/rosdev/ros2_ws/src/examples/rclcpp/executors) by extensions ['cmake', 'python']
[1.316s] Level 1:colcon.colcon_core.package_identification:_identify(/home/rosdev/ros2_ws/src/examples/rclcpp/executors) by extension 'cmake'
[1.316s] Level 1:colcon.colcon_core.package_identification:_identify(/home/rosdev/ros2_ws/src/examples/rclcpp/executors) by extension 'python'
[1.316s] Level 1:colcon.colcon_core.package_identification:_identify(/home/rosdev/ros2_ws/src/examples/rclcpp/executors) by extensions ['python_setup_py']
[1.316s] Level 1:colcon.colcon_core.package_identification:_identify(/home/rosdev/ros2_ws/src/examples/rclcpp/executors) by extension 'python_setup_py'
[1.316s] Level 1:colcon.colcon_core.package_identification:_identify(/home/rosdev/ros2_ws/src/examples/rclcpp/executors/cbg_executor) by extensions ['ignore', 'ignore_ament_install']
[1.317s] Level 1:colcon.colcon_core.package_identification:_identify(/home/rosdev/ros2_ws/src/examples/rclcpp/executors/cbg_executor) by extension 'ignore'
[1.317s] Level 1:colcon.colcon_core.package_identification:_identify(/home/rosdev/ros2_ws/src/examples/rclcpp/executors/cbg_executor) by extension 'ignore_ament_install'
[1.317s] Level 1:colcon.colcon_core.package_identification:_identify(/home/rosdev/ros2_ws/src/examples/rclcpp/executors/cbg_executor) by extensions ['colcon_pkg']
[1.317s] Level 1:colcon.colcon_core.package_identification:_identify(/home/rosdev/ros2_ws/src/examples/rclcpp/executors/cbg_executor) by extension 'colcon_pkg'
[1.318s] Level 1:colcon.colcon_core.package_identification:_identify(/home/rosdev/ros2_ws/src/examples/rclcpp/executors/cbg_executor) by extensions ['colcon_meta']
[1.318s] Level 1:colcon.colcon_core.package_identification:_identify(/home/rosdev/ros2_ws/src/examples/rclcpp/executors/cbg_executor) by extension 'colcon_meta'
[1.318s] Level 1:colcon.colcon_core.package_identification:_identify(/home/rosdev/ros2_ws/src/examples/rclcpp/executors/cbg_executor) by extensions ['ros']
[1.318s] Level 1:colcon.colcon_core.package_identification:_identify(/home/rosdev/ros2_ws/src/examples/rclcpp/executors/cbg_executor) by extension 'ros'
[1.320s] DEBUG:colcon.colcon_core.package_identification:Package '/home/rosdev/ros2_ws/src/examples/rclcpp/executors/cbg_executor' with type 'ros.ament_cmake' and name 'examples_rclcpp_cbg_executor'
[1.322s] Level 1:colcon.colcon_core.package_identification:_identify(/home/rosdev/ros2_ws/src/examples/rclcpp/executors/multithreaded_executor) by extensions ['ignore', 'ignore_ament_install']
[1.322s] Level 1:colcon.colcon_core.package_identification:_identify(/home/rosdev/ros2_ws/src/examples/rclcpp/executors/multithreaded_executor) by extension 'ignore'
[1.322s] Level 1:colcon.colcon_core.package_identification:_identify(/home/rosdev/ros2_ws/src/examples/rclcpp/executors/multithreaded_executor) by extension 'ignore_ament_install'
[1.323s] Level 1:colcon.colcon_core.package_identification:_identify(/home/rosdev/ros2_ws/src/examples/rclcpp/executors/multithreaded_executor) by extensions ['colcon_pkg']
[1.323s] Level 1:colcon.colcon_core.package_identification:_identify(/home/rosdev/ros2_ws/src/examples/rclcpp/executors/multithreaded_executor) by extension 'colcon_pkg'
[1.323s] Level 1:colcon.colcon_core.package_identification:_identify(/home/rosdev/ros2_ws/src/examples/rclcpp/executors/multithreaded_executor) by extensions ['colcon_meta']
[1.323s] Level 1:colcon.colcon_core.package_identification:_identify(/home/rosdev/ros2_ws/src/examples/rclcpp/executors/multithreaded_executor) by extension 'colcon_meta'
[1.323s] Level 1:colcon.colcon_core.package_identification:_identify(/home/rosdev/ros2_ws/src/examples/rclcpp/executors/multithreaded_executor) by extensions ['ros']
[1.323s] Level 1:colcon.colcon_core.package_identification:_identify(/home/rosdev/ros2_ws/src/examples/rclcpp/executors/multithreaded_executor) by extension 'ros'
[1.326s] DEBUG:colcon.colcon_core.package_identification:Package '/home/rosdev/ros2_ws/src/examples/rclcpp/executors/multithreaded_executor' with type 'ros.ament_cmake' and name 'examples_rclcpp_multithreaded_executor'
[1.326s] Level 1:colcon.colcon_core.package_identification:_identify(/home/rosdev/ros2_ws/src/examples/rclcpp/services) by extensions ['ignore', 'ignore_ament_install']
[1.327s] Level 1:colcon.colcon_core.package_identification:_identify(/home/rosdev/ros2_ws/src/examples/rclcpp/services) by extension 'ignore'
[1.327s] Level 1:colcon.colcon_core.package_identification:_identify(/home/rosdev/ros2_ws/src/examples/rclcpp/services) by extension 'ignore_ament_install'
[1.327s] Level 1:colcon.colcon_core.package_identification:_identify(/home/rosdev/ros2_ws/src/examples/rclcpp/services) by extensions ['colcon_pkg']
[1.327s] Level 1:colcon.colcon_core.package_identification:_identify(/home/rosdev/ros2_ws/src/examples/rclcpp/services) by extension 'colcon_pkg'
[1.327s] Level 1:colcon.colcon_core.package_identification:_identify(/home/rosdev/ros2_ws/src/examples/rclcpp/services) by extensions ['colcon_meta']
[1.328s] Level 1:colcon.colcon_core.package_identification:_identify(/home/rosdev/ros2_ws/src/examples/rclcpp/services) by extension 'colcon_meta'
[1.328s] Level 1:colcon.colcon_core.package_identification:_identify(/home/rosdev/ros2_ws/src/examples/rclcpp/services) by extensions ['ros']
[1.328s] Level 1:colcon.colcon_core.package_identification:_identify(/home/rosdev/ros2_ws/src/examples/rclcpp/services) by extension 'ros'
[1.328s] Level 1:colcon.colcon_core.package_identification:_identify(/home/rosdev/ros2_ws/src/examples/rclcpp/services) by extensions ['cmake', 'python']
[1.329s] Level 1:colcon.colcon_core.package_identification:_identify(/home/rosdev/ros2_ws/src/examples/rclcpp/services) by extension 'cmake'
[1.329s] Level 1:colcon.colcon_core.package_identification:_identify(/home/rosdev/ros2_ws/src/examples/rclcpp/services) by extension 'python'
[1.329s] Level 1:colcon.colcon_core.package_identification:_identify(/home/rosdev/ros2_ws/src/examples/rclcpp/services) by extensions ['python_setup_py']
[1.329s] Level 1:colcon.colcon_core.package_identification:_identify(/home/rosdev/ros2_ws/src/examples/rclcpp/services) by extension 'python_setup_py'
[1.329s] Level 1:colcon.colcon_core.package_identification:_identify(/home/rosdev/ros2_ws/src/examples/rclcpp/services/async_client) by extensions ['ignore', 'ignore_ament_install']
[1.330s] Level 1:colcon.colcon_core.package_identification:_identify(/home/rosdev/ros2_ws/src/examples/rclcpp/services/async_client) by extension 'ignore'
[1.330s] Level 1:colcon.colcon_core.package_identification:_identify(/home/rosdev/ros2_ws/src/examples/rclcpp/services/async_client) by extension 'ignore_ament_install'
[1.330s] Level 1:colcon.colcon_core.package_identification:_identify(/home/rosdev/ros2_ws/src/examples/rclcpp/services/async_client) by extensions ['colcon_pkg']
[1.330s] Level 1:colcon.colcon_core.package_identification:_identify(/home/rosdev/ros2_ws/src/examples/rclcpp/services/async_client) by extension 'colcon_pkg'
[1.330s] Level 1:colcon.colcon_core.package_identification:_identify(/home/rosdev/ros2_ws/src/examples/rclcpp/services/async_client) by extensions ['colcon_meta']
[1.330s] Level 1:colcon.colcon_core.package_identification:_identify(/home/rosdev/ros2_ws/src/examples/rclcpp/services/async_client) by extension 'colcon_meta'
[1.330s] Level 1:colcon.colcon_core.package_identification:_identify(/home/rosdev/ros2_ws/src/examples/rclcpp/services/async_client) by extensions ['ros']
[1.330s] Level 1:colcon.colcon_core.package_identification:_identify(/home/rosdev/ros2_ws/src/examples/rclcpp/services/async_client) by extension 'ros'
[1.333s] DEBUG:colcon.colcon_core.package_identification:Package '/home/rosdev/ros2_ws/src/examples/rclcpp/services/async_client' with type 'ros.ament_cmake' and name 'examples_rclcpp_async_client'
[1.334s] Level 1:colcon.colcon_core.package_identification:_identify(/home/rosdev/ros2_ws/src/examples/rclcpp/services/minimal_client) by extensions ['ignore', 'ignore_ament_install']
[1.334s] Level 1:colcon.colcon_core.package_identification:_identify(/home/rosdev/ros2_ws/src/examples/rclcpp/services/minimal_client) by extension 'ignore'
[1.334s] Level 1:colcon.colcon_core.package_identification:_identify(/home/rosdev/ros2_ws/src/examples/rclcpp/services/minimal_client) by extension 'ignore_ament_install'
[1.335s] Level 1:colcon.colcon_core.package_identification:_identify(/home/rosdev/ros2_ws/src/examples/rclcpp/services/minimal_client) by extensions ['colcon_pkg']
[1.335s] Level 1:colcon.colcon_core.package_identification:_identify(/home/rosdev/ros2_ws/src/examples/rclcpp/services/minimal_client) by extension 'colcon_pkg'
[1.335s] Level 1:colcon.colcon_core.package_identification:_identify(/home/rosdev/ros2_ws/src/examples/rclcpp/services/minimal_client) by extensions ['colcon_meta']
[1.335s] Level 1:colcon.colcon_core.package_identification:_identify(/home/rosdev/ros2_ws/src/examples/rclcpp/services/minimal_client) by extension 'colcon_meta'
[1.335s] Level 1:colcon.colcon_core.package_identification:_identify(/home/rosdev/ros2_ws/src/examples/rclcpp/services/minimal_client) by extensions ['ros']
[1.335s] Level 1:colcon.colcon_core.package_identification:_identify(/home/rosdev/ros2_ws/src/examples/rclcpp/services/minimal_client) by extension 'ros'
[1.337s] DEBUG:colcon.colcon_core.package_identification:Package '/home/rosdev/ros2_ws/src/examples/rclcpp/services/minimal_client' with type 'ros.ament_cmake' and name 'examples_rclcpp_minimal_client'
[1.338s] Level 1:colcon.colcon_core.package_identification:_identify(/home/rosdev/ros2_ws/src/examples/rclcpp/services/minimal_service) by extensions ['ignore', 'ignore_ament_install']
[1.339s] Level 1:colcon.colcon_core.package_identification:_identify(/home/rosdev/ros2_ws/src/examples/rclcpp/services/minimal_service) by extension 'ignore'
[1.339s] Level 1:colcon.colcon_core.package_identification:_identify(/home/rosdev/ros2_ws/src/examples/rclcpp/services/minimal_service) by extension 'ignore_ament_install'
[1.339s] Level 1:colcon.colcon_core.package_identification:_identify(/home/rosdev/ros2_ws/src/examples/rclcpp/services/minimal_service) by extensions ['colcon_pkg']
[1.339s] Level 1:colcon.colcon_core.package_identification:_identify(/home/rosdev/ros2_ws/src/examples/rclcpp/services/minimal_service) by extension 'colcon_pkg'
[1.339s] Level 1:colcon.colcon_core.package_identification:_identify(/home/rosdev/ros2_ws/src/examples/rclcpp/services/minimal_service) by extensions ['colcon_meta']
[1.339s] Level 1:colcon.colcon_core.package_identification:_identify(/home/rosdev/ros2_ws/src/examples/rclcpp/services/minimal_service) by extension 'colcon_meta'
[1.340s] Level 1:colcon.colcon_core.package_identification:_identify(/home/rosdev/ros2_ws/src/examples/rclcpp/services/minimal_service) by extensions ['ros']
[1.340s] Level 1:colcon.colcon_core.package_identification:_identify(/home/rosdev/ros2_ws/src/examples/rclcpp/services/minimal_service) by extension 'ros'
[1.344s] DEBUG:colcon.colcon_core.package_identification:Package '/home/rosdev/ros2_ws/src/examples/rclcpp/services/minimal_service' with type 'ros.ament_cmake' and name 'examples_rclcpp_minimal_service'
[1.345s] Level 1:colcon.colcon_core.package_identification:_identify(/home/rosdev/ros2_ws/src/examples/rclcpp/timers) by extensions ['ignore', 'ignore_ament_install']
[1.345s] Level 1:colcon.colcon_core.package_identification:_identify(/home/rosdev/ros2_ws/src/examples/rclcpp/timers) by extension 'ignore'
[1.345s] Level 1:colcon.colcon_core.package_identification:_identify(/home/rosdev/ros2_ws/src/examples/rclcpp/timers) by extension 'ignore_ament_install'
[1.347s] Level 1:colcon.colcon_core.package_identification:_identify(/home/rosdev/ros2_ws/src/examples/rclcpp/timers) by extensions ['colcon_pkg']
[1.347s] Level 1:colcon.colcon_core.package_identification:_identify(/home/rosdev/ros2_ws/src/examples/rclcpp/timers) by extension 'colcon_pkg'
[1.347s] Level 1:colcon.colcon_core.package_identification:_identify(/home/rosdev/ros2_ws/src/examples/rclcpp/timers) by extensions ['colcon_meta']
[1.347s] Level 1:colcon.colcon_core.package_identification:_identify(/home/rosdev/ros2_ws/src/examples/rclcpp/timers) by extension 'colcon_meta'
[1.348s] Level 1:colcon.colcon_core.package_identification:_identify(/home/rosdev/ros2_ws/src/examples/rclcpp/timers) by extensions ['ros']
[1.348s] Level 1:colcon.colcon_core.package_identification:_identify(/home/rosdev/ros2_ws/src/examples/rclcpp/timers) by extension 'ros'
[1.348s] Level 1:colcon.colcon_core.package_identification:_identify(/home/rosdev/ros2_ws/src/examples/rclcpp/timers) by extensions ['cmake', 'python']
[1.348s] Level 1:colcon.colcon_core.package_identification:_identify(/home/rosdev/ros2_ws/src/examples/rclcpp/timers) by extension 'cmake'
[1.348s] Level 1:colcon.colcon_core.package_identification:_identify(/home/rosdev/ros2_ws/src/examples/rclcpp/timers) by extension 'python'
[1.348s] Level 1:colcon.colcon_core.package_identification:_identify(/home/rosdev/ros2_ws/src/examples/rclcpp/timers) by extensions ['python_setup_py']
[1.348s] Level 1:colcon.colcon_core.package_identification:_identify(/home/rosdev/ros2_ws/src/examples/rclcpp/timers) by extension 'python_setup_py'
[1.349s] Level 1:colcon.colcon_core.package_identification:_identify(/home/rosdev/ros2_ws/src/examples/rclcpp/timers/minimal_timer) by extensions ['ignore', 'ignore_ament_install']
[1.349s] Level 1:colcon.colcon_core.package_identification:_identify(/home/rosdev/ros2_ws/src/examples/rclcpp/timers/minimal_timer) by extension 'ignore'
[1.349s] Level 1:colcon.colcon_core.package_identification:_identify(/home/rosdev/ros2_ws/src/examples/rclcpp/timers/minimal_timer) by extension 'ignore_ament_install'
[1.349s] Level 1:colcon.colcon_core.package_identification:_identify(/home/rosdev/ros2_ws/src/examples/rclcpp/timers/minimal_timer) by extensions ['colcon_pkg']
[1.349s] Level 1:colcon.colcon_core.package_identification:_identify(/home/rosdev/ros2_ws/src/examples/rclcpp/timers/minimal_timer) by extension 'colcon_pkg'
[1.350s] Level 1:colcon.colcon_core.package_identification:_identify(/home/rosdev/ros2_ws/src/examples/rclcpp/timers/minimal_timer) by extensions ['colcon_meta']
[1.350s] Level 1:colcon.colcon_core.package_identification:_identify(/home/rosdev/ros2_ws/src/examples/rclcpp/timers/minimal_timer) by extension 'colcon_meta'
[1.350s] Level 1:colcon.colcon_core.package_identification:_identify(/home/rosdev/ros2_ws/src/examples/rclcpp/timers/minimal_timer) by extensions ['ros']
[1.350s] Level 1:colcon.colcon_core.package_identification:_identify(/home/rosdev/ros2_ws/src/examples/rclcpp/timers/minimal_timer) by extension 'ros'
[1.352s] DEBUG:colcon.colcon_core.package_identification:Package '/home/rosdev/ros2_ws/src/examples/rclcpp/timers/minimal_timer' with type 'ros.ament_cmake' and name 'examples_rclcpp_minimal_timer'
[1.353s] Level 1:colcon.colcon_core.package_identification:_identify(/home/rosdev/ros2_ws/src/examples/rclcpp/topics) by extensions ['ignore', 'ignore_ament_install']
[1.353s] Level 1:colcon.colcon_core.package_identification:_identify(/home/rosdev/ros2_ws/src/examples/rclcpp/topics) by extension 'ignore'
[1.354s] Level 1:colcon.colcon_core.package_identification:_identify(/home/rosdev/ros2_ws/src/examples/rclcpp/topics) by extension 'ignore_ament_install'
[1.354s] Level 1:colcon.colcon_core.package_identification:_identify(/home/rosdev/ros2_ws/src/examples/rclcpp/topics) by extensions ['colcon_pkg']
[1.354s] Level 1:colcon.colcon_core.package_identification:_identify(/home/rosdev/ros2_ws/src/examples/rclcpp/topics) by extension 'colcon_pkg'
[1.354s] Level 1:colcon.colcon_core.package_identification:_identify(/home/rosdev/ros2_ws/src/examples/rclcpp/topics) by extensions ['colcon_meta']
[1.354s] Level 1:colcon.colcon_core.package_identification:_identify(/home/rosdev/ros2_ws/src/examples/rclcpp/topics) by extension 'colcon_meta'
[1.354s] Level 1:colcon.colcon_core.package_identification:_identify(/home/rosdev/ros2_ws/src/examples/rclcpp/topics) by extensions ['ros']
[1.354s] Level 1:colcon.colcon_core.package_identification:_identify(/home/rosdev/ros2_ws/src/examples/rclcpp/topics) by extension 'ros'
[1.355s] Level 1:colcon.colcon_core.package_identification:_identify(/home/rosdev/ros2_ws/src/examples/rclcpp/topics) by extensions ['cmake', 'python']
[1.355s] Level 1:colcon.colcon_core.package_identification:_identify(/home/rosdev/ros2_ws/src/examples/rclcpp/topics) by extension 'cmake'
[1.355s] Level 1:colcon.colcon_core.package_identification:_identify(/home/rosdev/ros2_ws/src/examples/rclcpp/topics) by extension 'python'
[1.355s] Level 1:colcon.colcon_core.package_identification:_identify(/home/rosdev/ros2_ws/src/examples/rclcpp/topics) by extensions ['python_setup_py']
[1.355s] Level 1:colcon.colcon_core.package_identification:_identify(/home/rosdev/ros2_ws/src/examples/rclcpp/topics) by extension 'python_setup_py'
[1.357s] Level 1:colcon.colcon_core.package_identification:_identify(/home/rosdev/ros2_ws/src/examples/rclcpp/topics/minimal_publisher) by extensions ['ignore', 'ignore_ament_install']
[1.357s] Level 1:colcon.colcon_core.package_identification:_identify(/home/rosdev/ros2_ws/src/examples/rclcpp/topics/minimal_publisher) by extension 'ignore'
[1.357s] Level 1:colcon.colcon_core.package_identification:_identify(/home/rosdev/ros2_ws/src/examples/rclcpp/topics/minimal_publisher) by extension 'ignore_ament_install'
[1.357s] Level 1:colcon.colcon_core.package_identification:_identify(/home/rosdev/ros2_ws/src/examples/rclcpp/topics/minimal_publisher) by extensions ['colcon_pkg']
[1.358s] Level 1:colcon.colcon_core.package_identification:_identify(/home/rosdev/ros2_ws/src/examples/rclcpp/topics/minimal_publisher) by extension 'colcon_pkg'
[1.358s] Level 1:colcon.colcon_core.package_identification:_identify(/home/rosdev/ros2_ws/src/examples/rclcpp/topics/minimal_publisher) by extensions ['colcon_meta']
[1.358s] Level 1:colcon.colcon_core.package_identification:_identify(/home/rosdev/ros2_ws/src/examples/rclcpp/topics/minimal_publisher) by extension 'colcon_meta'
[1.358s] Level 1:colcon.colcon_core.package_identification:_identify(/home/rosdev/ros2_ws/src/examples/rclcpp/topics/minimal_publisher) by extensions ['ros']
[1.358s] Level 1:colcon.colcon_core.package_identification:_identify(/home/rosdev/ros2_ws/src/examples/rclcpp/topics/minimal_publisher) by extension 'ros'
[1.360s] DEBUG:colcon.colcon_core.package_identification:Package '/home/rosdev/ros2_ws/src/examples/rclcpp/topics/minimal_publisher' with type 'ros.ament_cmake' and name 'examples_rclcpp_minimal_publisher'
[1.361s] Level 1:colcon.colcon_core.package_identification:_identify(/home/rosdev/ros2_ws/src/examples/rclcpp/topics/minimal_subscriber) by extensions ['ignore', 'ignore_ament_install']
[1.362s] Level 1:colcon.colcon_core.package_identification:_identify(/home/rosdev/ros2_ws/src/examples/rclcpp/topics/minimal_subscriber) by extension 'ignore'
[1.362s] Level 1:colcon.colcon_core.package_identification:_identify(/home/rosdev/ros2_ws/src/examples/rclcpp/topics/minimal_subscriber) by extension 'ignore_ament_install'
[1.362s] Level 1:colcon.colcon_core.package_identification:_identify(/home/rosdev/ros2_ws/src/examples/rclcpp/topics/minimal_subscriber) by extensions ['colcon_pkg']
[1.362s] Level 1:colcon.colcon_core.package_identification:_identify(/home/rosdev/ros2_ws/src/examples/rclcpp/topics/minimal_subscriber) by extension 'colcon_pkg'
[1.362s] Level 1:colcon.colcon_core.package_identification:_identify(/home/rosdev/ros2_ws/src/examples/rclcpp/topics/minimal_subscriber) by extensions ['colcon_meta']
[1.362s] Level 1:colcon.colcon_core.package_identification:_identify(/home/rosdev/ros2_ws/src/examples/rclcpp/topics/minimal_subscriber) by extension 'colcon_meta'
[1.362s] Level 1:colcon.colcon_core.package_identification:_identify(/home/rosdev/ros2_ws/src/examples/rclcpp/topics/minimal_subscriber) by extensions ['ros']
[1.362s] Level 1:colcon.colcon_core.package_identification:_identify(/home/rosdev/ros2_ws/src/examples/rclcpp/topics/minimal_subscriber) by extension 'ros'
[1.364s] DEBUG:colcon.colcon_core.package_identification:Package '/home/rosdev/ros2_ws/src/examples/rclcpp/topics/minimal_subscriber' with type 'ros.ament_cmake' and name 'examples_rclcpp_minimal_subscriber'
[1.365s] Level 1:colcon.colcon_core.package_identification:_identify(/home/rosdev/ros2_ws/src/examples/rclcpp/wait_set) by extensions ['ignore', 'ignore_ament_install']
[1.365s] Level 1:colcon.colcon_core.package_identification:_identify(/home/rosdev/ros2_ws/src/examples/rclcpp/wait_set) by extension 'ignore'
[1.365s] Level 1:colcon.colcon_core.package_identification:_identify(/home/rosdev/ros2_ws/src/examples/rclcpp/wait_set) by extension 'ignore_ament_install'
[1.366s] Level 1:colcon.colcon_core.package_identification:_identify(/home/rosdev/ros2_ws/src/examples/rclcpp/wait_set) by extensions ['colcon_pkg']
[1.366s] Level 1:colcon.colcon_core.package_identification:_identify(/home/rosdev/ros2_ws/src/examples/rclcpp/wait_set) by extension 'colcon_pkg'
[1.366s] Level 1:colcon.colcon_core.package_identification:_identify(/home/rosdev/ros2_ws/src/examples/rclcpp/wait_set) by extensions ['colcon_meta']
[1.366s] Level 1:colcon.colcon_core.package_identification:_identify(/home/rosdev/ros2_ws/src/examples/rclcpp/wait_set) by extension 'colcon_meta'
[1.366s] Level 1:colcon.colcon_core.package_identification:_identify(/home/rosdev/ros2_ws/src/examples/rclcpp/wait_set) by extensions ['ros']
[1.366s] Level 1:colcon.colcon_core.package_identification:_identify(/home/rosdev/ros2_ws/src/examples/rclcpp/wait_set) by extension 'ros'
[1.369s] DEBUG:colcon.colcon_core.package_identification:Package '/home/rosdev/ros2_ws/src/examples/rclcpp/wait_set' with type 'ros.ament_cmake' and name 'examples_rclcpp_wait_set'
[1.369s] Level 1:colcon.colcon_core.package_identification:_identify(/home/rosdev/ros2_ws/src/examples/rclpy) by extensions ['ignore', 'ignore_ament_install']
[1.369s] Level 1:colcon.colcon_core.package_identification:_identify(/home/rosdev/ros2_ws/src/examples/rclpy) by extension 'ignore'
[1.370s] Level 1:colcon.colcon_core.package_identification:_identify(/home/rosdev/ros2_ws/src/examples/rclpy) by extension 'ignore_ament_install'
[1.370s] Level 1:colcon.colcon_core.package_identification:_identify(/home/rosdev/ros2_ws/src/examples/rclpy) by extensions ['colcon_pkg']
[1.370s] Level 1:colcon.colcon_core.package_identification:_identify(/home/rosdev/ros2_ws/src/examples/rclpy) by extension 'colcon_pkg'
[1.370s] Level 1:colcon.colcon_core.package_identification:_identify(/home/rosdev/ros2_ws/src/examples/rclpy) by extensions ['colcon_meta']
[1.370s] Level 1:colcon.colcon_core.package_identification:_identify(/home/rosdev/ros2_ws/src/examples/rclpy) by extension 'colcon_meta'
[1.370s] Level 1:colcon.colcon_core.package_identification:_identify(/home/rosdev/ros2_ws/src/examples/rclpy) by extensions ['ros']
[1.370s] Level 1:colcon.colcon_core.package_identification:_identify(/home/rosdev/ros2_ws/src/examples/rclpy) by extension 'ros'
[1.371s] Level 1:colcon.colcon_core.package_identification:_identify(/home/rosdev/ros2_ws/src/examples/rclpy) by extensions ['cmake', 'python']
[1.371s] Level 1:colcon.colcon_core.package_identification:_identify(/home/rosdev/ros2_ws/src/examples/rclpy) by extension 'cmake'
[1.371s] Level 1:colcon.colcon_core.package_identification:_identify(/home/rosdev/ros2_ws/src/examples/rclpy) by extension 'python'
[1.371s] Level 1:colcon.colcon_core.package_identification:_identify(/home/rosdev/ros2_ws/src/examples/rclpy) by extensions ['python_setup_py']
[1.371s] Level 1:colcon.colcon_core.package_identification:_identify(/home/rosdev/ros2_ws/src/examples/rclpy) by extension 'python_setup_py'
[1.372s] Level 1:colcon.colcon_core.package_identification:_identify(/home/rosdev/ros2_ws/src/examples/rclpy/actions) by extensions ['ignore', 'ignore_ament_install']
[1.372s] Level 1:colcon.colcon_core.package_identification:_identify(/home/rosdev/ros2_ws/src/examples/rclpy/actions) by extension 'ignore'
[1.372s] Level 1:colcon.colcon_core.package_identification:_identify(/home/rosdev/ros2_ws/src/examples/rclpy/actions) by extension 'ignore_ament_install'
[1.372s] Level 1:colcon.colcon_core.package_identification:_identify(/home/rosdev/ros2_ws/src/examples/rclpy/actions) by extensions ['colcon_pkg']
[1.372s] Level 1:colcon.colcon_core.package_identification:_identify(/home/rosdev/ros2_ws/src/examples/rclpy/actions) by extension 'colcon_pkg'
[1.372s] Level 1:colcon.colcon_core.package_identification:_identify(/home/rosdev/ros2_ws/src/examples/rclpy/actions) by extensions ['colcon_meta']
[1.372s] Level 1:colcon.colcon_core.package_identification:_identify(/home/rosdev/ros2_ws/src/examples/rclpy/actions) by extension 'colcon_meta'
[1.373s] Level 1:colcon.colcon_core.package_identification:_identify(/home/rosdev/ros2_ws/src/examples/rclpy/actions) by extensions ['ros']
[1.373s] Level 1:colcon.colcon_core.package_identification:_identify(/home/rosdev/ros2_ws/src/examples/rclpy/actions) by extension 'ros'
[1.373s] Level 1:colcon.colcon_core.package_identification:_identify(/home/rosdev/ros2_ws/src/examples/rclpy/actions) by extensions ['cmake', 'python']
[1.373s] Level 1:colcon.colcon_core.package_identification:_identify(/home/rosdev/ros2_ws/src/examples/rclpy/actions) by extension 'cmake'
[1.373s] Level 1:colcon.colcon_core.package_identification:_identify(/home/rosdev/ros2_ws/src/examples/rclpy/actions) by extension 'python'
[1.373s] Level 1:colcon.colcon_core.package_identification:_identify(/home/rosdev/ros2_ws/src/examples/rclpy/actions) by extensions ['python_setup_py']
[1.373s] Level 1:colcon.colcon_core.package_identification:_identify(/home/rosdev/ros2_ws/src/examples/rclpy/actions) by extension 'python_setup_py'
[1.374s] Level 1:colcon.colcon_core.package_identification:_identify(/home/rosdev/ros2_ws/src/examples/rclpy/actions/minimal_action_client) by extensions ['ignore', 'ignore_ament_install']
[1.374s] Level 1:colcon.colcon_core.package_identification:_identify(/home/rosdev/ros2_ws/src/examples/rclpy/actions/minimal_action_client) by extension 'ignore'
[1.374s] Level 1:colcon.colcon_core.package_identification:_identify(/home/rosdev/ros2_ws/src/examples/rclpy/actions/minimal_action_client) by extension 'ignore_ament_install'
[1.374s] Level 1:colcon.colcon_core.package_identification:_identify(/home/rosdev/ros2_ws/src/examples/rclpy/actions/minimal_action_client) by extensions ['colcon_pkg']
[1.374s] Level 1:colcon.colcon_core.package_identification:_identify(/home/rosdev/ros2_ws/src/examples/rclpy/actions/minimal_action_client) by extension 'colcon_pkg'
[1.375s] Level 1:colcon.colcon_core.package_identification:_identify(/home/rosdev/ros2_ws/src/examples/rclpy/actions/minimal_action_client) by extensions ['colcon_meta']
[1.375s] Level 1:colcon.colcon_core.package_identification:_identify(/home/rosdev/ros2_ws/src/examples/rclpy/actions/minimal_action_client) by extension 'colcon_meta'
[1.375s] Level 1:colcon.colcon_core.package_identification:_identify(/home/rosdev/ros2_ws/src/examples/rclpy/actions/minimal_action_client) by extensions ['ros']
[1.375s] Level 1:colcon.colcon_core.package_identification:_identify(/home/rosdev/ros2_ws/src/examples/rclpy/actions/minimal_action_client) by extension 'ros'
[1.377s] DEBUG:colcon.colcon_core.package_identification:Package '/home/rosdev/ros2_ws/src/examples/rclpy/actions/minimal_action_client' with type 'ros.ament_python' and name 'examples_rclpy_minimal_action_client'
[1.377s] Level 1:colcon.colcon_core.package_identification:_identify(/home/rosdev/ros2_ws/src/examples/rclpy/actions/minimal_action_server) by extensions ['ignore', 'ignore_ament_install']
[1.377s] Level 1:colcon.colcon_core.package_identification:_identify(/home/rosdev/ros2_ws/src/examples/rclpy/actions/minimal_action_server) by extension 'ignore'
[1.377s] Level 1:colcon.colcon_core.package_identification:_identify(/home/rosdev/ros2_ws/src/examples/rclpy/actions/minimal_action_server) by extension 'ignore_ament_install'
[1.378s] Level 1:colcon.colcon_core.package_identification:_identify(/home/rosdev/ros2_ws/src/examples/rclpy/actions/minimal_action_server) by extensions ['colcon_pkg']
[1.378s] Level 1:colcon.colcon_core.package_identification:_identify(/home/rosdev/ros2_ws/src/examples/rclpy/actions/minimal_action_server) by extension 'colcon_pkg'
[1.378s] Level 1:colcon.colcon_core.package_identification:_identify(/home/rosdev/ros2_ws/src/examples/rclpy/actions/minimal_action_server) by extensions ['colcon_meta']
[1.378s] Level 1:colcon.colcon_core.package_identification:_identify(/home/rosdev/ros2_ws/src/examples/rclpy/actions/minimal_action_server) by extension 'colcon_meta'
[1.378s] Level 1:colcon.colcon_core.package_identification:_identify(/home/rosdev/ros2_ws/src/examples/rclpy/actions/minimal_action_server) by extensions ['ros']
[1.378s] Level 1:colcon.colcon_core.package_identification:_identify(/home/rosdev/ros2_ws/src/examples/rclpy/actions/minimal_action_server) by extension 'ros'
[1.380s] DEBUG:colcon.colcon_core.package_identification:Package '/home/rosdev/ros2_ws/src/examples/rclpy/actions/minimal_action_server' with type 'ros.ament_python' and name 'examples_rclpy_minimal_action_server'
[1.380s] Level 1:colcon.colcon_core.package_identification:_identify(/home/rosdev/ros2_ws/src/examples/rclpy/executors) by extensions ['ignore', 'ignore_ament_install']
[1.380s] Level 1:colcon.colcon_core.package_identification:_identify(/home/rosdev/ros2_ws/src/examples/rclpy/executors) by extension 'ignore'
[1.381s] Level 1:colcon.colcon_core.package_identification:_identify(/home/rosdev/ros2_ws/src/examples/rclpy/executors) by extension 'ignore_ament_install'
[1.381s] Level 1:colcon.colcon_core.package_identification:_identify(/home/rosdev/ros2_ws/src/examples/rclpy/executors) by extensions ['colcon_pkg']
[1.381s] Level 1:colcon.colcon_core.package_identification:_identify(/home/rosdev/ros2_ws/src/examples/rclpy/executors) by extension 'colcon_pkg'
[1.381s] Level 1:colcon.colcon_core.package_identification:_identify(/home/rosdev/ros2_ws/src/examples/rclpy/executors) by extensions ['colcon_meta']
[1.381s] Level 1:colcon.colcon_core.package_identification:_identify(/home/rosdev/ros2_ws/src/examples/rclpy/executors) by extension 'colcon_meta'
[1.381s] Level 1:colcon.colcon_core.package_identification:_identify(/home/rosdev/ros2_ws/src/examples/rclpy/executors) by extensions ['ros']
[1.381s] Level 1:colcon.colcon_core.package_identification:_identify(/home/rosdev/ros2_ws/src/examples/rclpy/executors) by extension 'ros'
[1.383s] DEBUG:colcon.colcon_core.package_identification:Package '/home/rosdev/ros2_ws/src/examples/rclpy/executors' with type 'ros.ament_python' and name 'examples_rclpy_executors'
[1.383s] Level 1:colcon.colcon_core.package_identification:_identify(/home/rosdev/ros2_ws/src/examples/rclpy/guard_conditions) by extensions ['ignore', 'ignore_ament_install']
[1.384s] Level 1:colcon.colcon_core.package_identification:_identify(/home/rosdev/ros2_ws/src/examples/rclpy/guard_conditions) by extension 'ignore'
[1.384s] Level 1:colcon.colcon_core.package_identification:_identify(/home/rosdev/ros2_ws/src/examples/rclpy/guard_conditions) by extension 'ignore_ament_install'
[1.384s] Level 1:colcon.colcon_core.package_identification:_identify(/home/rosdev/ros2_ws/src/examples/rclpy/guard_conditions) by extensions ['colcon_pkg']
[1.384s] Level 1:colcon.colcon_core.package_identification:_identify(/home/rosdev/ros2_ws/src/examples/rclpy/guard_conditions) by extension 'colcon_pkg'
[1.384s] Level 1:colcon.colcon_core.package_identification:_identify(/home/rosdev/ros2_ws/src/examples/rclpy/guard_conditions) by extensions ['colcon_meta']
[1.384s] Level 1:colcon.colcon_core.package_identification:_identify(/home/rosdev/ros2_ws/src/examples/rclpy/guard_conditions) by extension 'colcon_meta'
[1.384s] Level 1:colcon.colcon_core.package_identification:_identify(/home/rosdev/ros2_ws/src/examples/rclpy/guard_conditions) by extensions ['ros']
[1.385s] Level 1:colcon.colcon_core.package_identification:_identify(/home/rosdev/ros2_ws/src/examples/rclpy/guard_conditions) by extension 'ros'
[1.386s] DEBUG:colcon.colcon_core.package_identification:Package '/home/rosdev/ros2_ws/src/examples/rclpy/guard_conditions' with type 'ros.ament_python' and name 'examples_rclpy_guard_conditions'
[1.386s] Level 1:colcon.colcon_core.package_identification:_identify(/home/rosdev/ros2_ws/src/examples/rclpy/services) by extensions ['ignore', 'ignore_ament_install']
[1.387s] Level 1:colcon.colcon_core.package_identification:_identify(/home/rosdev/ros2_ws/src/examples/rclpy/services) by extension 'ignore'
[1.387s] Level 1:colcon.colcon_core.package_identification:_identify(/home/rosdev/ros2_ws/src/examples/rclpy/services) by extension 'ignore_ament_install'
[1.387s] Level 1:colcon.colcon_core.package_identification:_identify(/home/rosdev/ros2_ws/src/examples/rclpy/services) by extensions ['colcon_pkg']
[1.387s] Level 1:colcon.colcon_core.package_identification:_identify(/home/rosdev/ros2_ws/src/examples/rclpy/services) by extension 'colcon_pkg'
[1.387s] Level 1:colcon.colcon_core.package_identification:_identify(/home/rosdev/ros2_ws/src/examples/rclpy/services) by extensions ['colcon_meta']
[1.387s] Level 1:colcon.colcon_core.package_identification:_identify(/home/rosdev/ros2_ws/src/examples/rclpy/services) by extension 'colcon_meta'
[1.388s] Level 1:colcon.colcon_core.package_identification:_identify(/home/rosdev/ros2_ws/src/examples/rclpy/services) by extensions ['ros']
[1.388s] Level 1:colcon.colcon_core.package_identification:_identify(/home/rosdev/ros2_ws/src/examples/rclpy/services) by extension 'ros'
[1.388s] Level 1:colcon.colcon_core.package_identification:_identify(/home/rosdev/ros2_ws/src/examples/rclpy/services) by extensions ['cmake', 'python']
[1.388s] Level 1:colcon.colcon_core.package_identification:_identify(/home/rosdev/ros2_ws/src/examples/rclpy/services) by extension 'cmake'
[1.388s] Level 1:colcon.colcon_core.package_identification:_identify(/home/rosdev/ros2_ws/src/examples/rclpy/services) by extension 'python'
[1.388s] Level 1:colcon.colcon_core.package_identification:_identify(/home/rosdev/ros2_ws/src/examples/rclpy/services) by extensions ['python_setup_py']
[1.388s] Level 1:colcon.colcon_core.package_identification:_identify(/home/rosdev/ros2_ws/src/examples/rclpy/services) by extension 'python_setup_py'
[1.389s] Level 1:colcon.colcon_core.package_identification:_identify(/home/rosdev/ros2_ws/src/examples/rclpy/services/minimal_client) by extensions ['ignore', 'ignore_ament_install']
[1.389s] Level 1:colcon.colcon_core.package_identification:_identify(/home/rosdev/ros2_ws/src/examples/rclpy/services/minimal_client) by extension 'ignore'
[1.389s] Level 1:colcon.colcon_core.package_identification:_identify(/home/rosdev/ros2_ws/src/examples/rclpy/services/minimal_client) by extension 'ignore_ament_install'
[1.389s] Level 1:colcon.colcon_core.package_identification:_identify(/home/rosdev/ros2_ws/src/examples/rclpy/services/minimal_client) by extensions ['colcon_pkg']
[1.389s] Level 1:colcon.colcon_core.package_identification:_identify(/home/rosdev/ros2_ws/src/examples/rclpy/services/minimal_client) by extension 'colcon_pkg'
[1.389s] Level 1:colcon.colcon_core.package_identification:_identify(/home/rosdev/ros2_ws/src/examples/rclpy/services/minimal_client) by extensions ['colcon_meta']
[1.390s] Level 1:colcon.colcon_core.package_identification:_identify(/home/rosdev/ros2_ws/src/examples/rclpy/services/minimal_client) by extension 'colcon_meta'
[1.390s] Level 1:colcon.colcon_core.package_identification:_identify(/home/rosdev/ros2_ws/src/examples/rclpy/services/minimal_client) by extensions ['ros']
[1.390s] Level 1:colcon.colcon_core.package_identification:_identify(/home/rosdev/ros2_ws/src/examples/rclpy/services/minimal_client) by extension 'ros'
[1.392s] DEBUG:colcon.colcon_core.package_identification:Package '/home/rosdev/ros2_ws/src/examples/rclpy/services/minimal_client' with type 'ros.ament_python' and name 'examples_rclpy_minimal_client'
[1.392s] Level 1:colcon.colcon_core.package_identification:_identify(/home/rosdev/ros2_ws/src/examples/rclpy/services/minimal_service) by extensions ['ignore', 'ignore_ament_install']
[1.392s] Level 1:colcon.colcon_core.package_identification:_identify(/home/rosdev/ros2_ws/src/examples/rclpy/services/minimal_service) by extension 'ignore'
[1.393s] Level 1:colcon.colcon_core.package_identification:_identify(/home/rosdev/ros2_ws/src/examples/rclpy/services/minimal_service) by extension 'ignore_ament_install'
[1.393s] Level 1:colcon.colcon_core.package_identification:_identify(/home/rosdev/ros2_ws/src/examples/rclpy/services/minimal_service) by extensions ['colcon_pkg']
[1.393s] Level 1:colcon.colcon_core.package_identification:_identify(/home/rosdev/ros2_ws/src/examples/rclpy/services/minimal_service) by extension 'colcon_pkg'
[1.393s] Level 1:colcon.colcon_core.package_identification:_identify(/home/rosdev/ros2_ws/src/examples/rclpy/services/minimal_service) by extensions ['colcon_meta']
[1.393s] Level 1:colcon.colcon_core.package_identification:_identify(/home/rosdev/ros2_ws/src/examples/rclpy/services/minimal_service) by extension 'colcon_meta'
[1.393s] Level 1:colcon.colcon_core.package_identification:_identify(/home/rosdev/ros2_ws/src/examples/rclpy/services/minimal_service) by extensions ['ros']
[1.393s] Level 1:colcon.colcon_core.package_identification:_identify(/home/rosdev/ros2_ws/src/examples/rclpy/services/minimal_service) by extension 'ros'
[1.395s] DEBUG:colcon.colcon_core.package_identification:Package '/home/rosdev/ros2_ws/src/examples/rclpy/services/minimal_service' with type 'ros.ament_python' and name 'examples_rclpy_minimal_service'
[1.396s] Level 1:colcon.colcon_core.package_identification:_identify(/home/rosdev/ros2_ws/src/examples/rclpy/topics) by extensions ['ignore', 'ignore_ament_install']
[1.396s] Level 1:colcon.colcon_core.package_identification:_identify(/home/rosdev/ros2_ws/src/examples/rclpy/topics) by extension 'ignore'
[1.396s] Level 1:colcon.colcon_core.package_identification:_identify(/home/rosdev/ros2_ws/src/examples/rclpy/topics) by extension 'ignore_ament_install'
[1.397s] Level 1:colcon.colcon_core.package_identification:_identify(/home/rosdev/ros2_ws/src/examples/rclpy/topics) by extensions ['colcon_pkg']
[1.397s] Level 1:colcon.colcon_core.package_identification:_identify(/home/rosdev/ros2_ws/src/examples/rclpy/topics) by extension 'colcon_pkg'
[1.397s] Level 1:colcon.colcon_core.package_identification:_identify(/home/rosdev/ros2_ws/src/examples/rclpy/topics) by extensions ['colcon_meta']
[1.398s] Level 1:colcon.colcon_core.package_identification:_identify(/home/rosdev/ros2_ws/src/examples/rclpy/topics) by extension 'colcon_meta'
[1.398s] Level 1:colcon.colcon_core.package_identification:_identify(/home/rosdev/ros2_ws/src/examples/rclpy/topics) by extensions ['ros']
[1.398s] Level 1:colcon.colcon_core.package_identification:_identify(/home/rosdev/ros2_ws/src/examples/rclpy/topics) by extension 'ros'
[1.398s] Level 1:colcon.colcon_core.package_identification:_identify(/home/rosdev/ros2_ws/src/examples/rclpy/topics) by extensions ['cmake', 'python']
[1.398s] Level 1:colcon.colcon_core.package_identification:_identify(/home/rosdev/ros2_ws/src/examples/rclpy/topics) by extension 'cmake'
[1.398s] Level 1:colcon.colcon_core.package_identification:_identify(/home/rosdev/ros2_ws/src/examples/rclpy/topics) by extension 'python'
[1.398s] Level 1:colcon.colcon_core.package_identification:_identify(/home/rosdev/ros2_ws/src/examples/rclpy/topics) by extensions ['python_setup_py']
[1.399s] Level 1:colcon.colcon_core.package_identification:_identify(/home/rosdev/ros2_ws/src/examples/rclpy/topics) by extension 'python_setup_py'
[1.399s] Level 1:colcon.colcon_core.package_identification:_identify(/home/rosdev/ros2_ws/src/examples/rclpy/topics/minimal_publisher) by extensions ['ignore', 'ignore_ament_install']
[1.399s] Level 1:colcon.colcon_core.package_identification:_identify(/home/rosdev/ros2_ws/src/examples/rclpy/topics/minimal_publisher) by extension 'ignore'
[1.399s] Level 1:colcon.colcon_core.package_identification:_identify(/home/rosdev/ros2_ws/src/examples/rclpy/topics/minimal_publisher) by extension 'ignore_ament_install'
[1.400s] Level 1:colcon.colcon_core.package_identification:_identify(/home/rosdev/ros2_ws/src/examples/rclpy/topics/minimal_publisher) by extensions ['colcon_pkg']
[1.400s] Level 1:colcon.colcon_core.package_identification:_identify(/home/rosdev/ros2_ws/src/examples/rclpy/topics/minimal_publisher) by extension 'colcon_pkg'
[1.400s] Level 1:colcon.colcon_core.package_identification:_identify(/home/rosdev/ros2_ws/src/examples/rclpy/topics/minimal_publisher) by extensions ['colcon_meta']
[1.400s] Level 1:colcon.colcon_core.package_identification:_identify(/home/rosdev/ros2_ws/src/examples/rclpy/topics/minimal_publisher) by extension 'colcon_meta'
[1.400s] Level 1:colcon.colcon_core.package_identification:_identify(/home/rosdev/ros2_ws/src/examples/rclpy/topics/minimal_publisher) by extensions ['ros']
[1.401s] Level 1:colcon.colcon_core.package_identification:_identify(/home/rosdev/ros2_ws/src/examples/rclpy/topics/minimal_publisher) by extension 'ros'
[1.402s] DEBUG:colcon.colcon_core.package_identification:Package '/home/rosdev/ros2_ws/src/examples/rclpy/topics/minimal_publisher' with type 'ros.ament_python' and name 'examples_rclpy_minimal_publisher'
[1.403s] Level 1:colcon.colcon_core.package_identification:_identify(/home/rosdev/ros2_ws/src/examples/rclpy/topics/minimal_subscriber) by extensions ['ignore', 'ignore_ament_install']
[1.403s] Level 1:colcon.colcon_core.package_identification:_identify(/home/rosdev/ros2_ws/src/examples/rclpy/topics/minimal_subscriber) by extension 'ignore'
[1.406s] Level 1:colcon.colcon_core.package_identification:_identify(/home/rosdev/ros2_ws/src/examples/rclpy/topics/minimal_subscriber) by extension 'ignore_ament_install'
[1.406s] Level 1:colcon.colcon_core.package_identification:_identify(/home/rosdev/ros2_ws/src/examples/rclpy/topics/minimal_subscriber) by extensions ['colcon_pkg']
[1.406s] Level 1:colcon.colcon_core.package_identification:_identify(/home/rosdev/ros2_ws/src/examples/rclpy/topics/minimal_subscriber) by extension 'colcon_pkg'
[1.406s] Level 1:colcon.colcon_core.package_identification:_identify(/home/rosdev/ros2_ws/src/examples/rclpy/topics/minimal_subscriber) by extensions ['colcon_meta']
[1.407s] Level 1:colcon.colcon_core.package_identification:_identify(/home/rosdev/ros2_ws/src/examples/rclpy/topics/minimal_subscriber) by extension 'colcon_meta'
[1.408s] Level 1:colcon.colcon_core.package_identification:_identify(/home/rosdev/ros2_ws/src/examples/rclpy/topics/minimal_subscriber) by extensions ['ros']
[1.408s] Level 1:colcon.colcon_core.package_identification:_identify(/home/rosdev/ros2_ws/src/examples/rclpy/topics/minimal_subscriber) by extension 'ros'
[1.409s] DEBUG:colcon.colcon_core.package_identification:Package '/home/rosdev/ros2_ws/src/examples/rclpy/topics/minimal_subscriber' with type 'ros.ament_python' and name 'examples_rclpy_minimal_subscriber'
[1.410s] Level 1:colcon.colcon_core.package_identification:_identify(/home/rosdev/ros2_ws/src/examples/rclpy/topics/pointcloud_publisher) by extensions ['ignore', 'ignore_ament_install']
[1.410s] Level 1:colcon.colcon_core.package_identification:_identify(/home/rosdev/ros2_ws/src/examples/rclpy/topics/pointcloud_publisher) by extension 'ignore'
[1.410s] Level 1:colcon.colcon_core.package_identification:_identify(/home/rosdev/ros2_ws/src/examples/rclpy/topics/pointcloud_publisher) by extension 'ignore_ament_install'
[1.410s] Level 1:colcon.colcon_core.package_identification:_identify(/home/rosdev/ros2_ws/src/examples/rclpy/topics/pointcloud_publisher) by extensions ['colcon_pkg']
[1.411s] Level 1:colcon.colcon_core.package_identification:_identify(/home/rosdev/ros2_ws/src/examples/rclpy/topics/pointcloud_publisher) by extension 'colcon_pkg'
[1.411s] Level 1:colcon.colcon_core.package_identification:_identify(/home/rosdev/ros2_ws/src/examples/rclpy/topics/pointcloud_publisher) by extensions ['colcon_meta']
[1.411s] Level 1:colcon.colcon_core.package_identification:_identify(/home/rosdev/ros2_ws/src/examples/rclpy/topics/pointcloud_publisher) by extension 'colcon_meta'
[1.411s] Level 1:colcon.colcon_core.package_identification:_identify(/home/rosdev/ros2_ws/src/examples/rclpy/topics/pointcloud_publisher) by extensions ['ros']
[1.411s] Level 1:colcon.colcon_core.package_identification:_identify(/home/rosdev/ros2_ws/src/examples/rclpy/topics/pointcloud_publisher) by extension 'ros'
[1.412s] DEBUG:colcon.colcon_core.package_identification:Package '/home/rosdev/ros2_ws/src/examples/rclpy/topics/pointcloud_publisher' with type 'ros.ament_python' and name 'examples_rclpy_pointcloud_publisher'
[1.413s] Level 1:colcon.colcon_core.package_discovery:discover_packages(recursive) using defaults
